{"C:\\Users\\DAW\\Desktop\\Cafeteria\\The_Cafeteria\\API_RESTFULL\\backend\\index.js": {"path":"C:\\Users\\DAW\\Desktop\\Cafeteria\\The_Cafeteria\\API_RESTFULL\\backend\\index.js","statementMap":{"0":{"start":{"line":1,"column":12},"end":{"line":1,"column":35}},"1":{"start":{"line":2,"column":16},"end":{"line":2,"column":34}},"2":{"start":{"line":3,"column":13},"end":{"line":3,"column":28}},"3":{"start":{"line":4,"column":0},"end":{"line":4,"column":27}},"4":{"start":{"line":6,"column":11},"end":{"line":6,"column":26}},"5":{"start":{"line":8,"column":12},"end":{"line":8,"column":21}},"6":{"start":{"line":11,"column":0},"end":{"line":11,"column":56}},"7":{"start":{"line":13,"column":0},"end":{"line":13,"column":24}},"8":{"start":{"line":14,"column":0},"end":{"line":14,"column":48}},"9":{"start":{"line":16,"column":18},"end":{"line":18,"column":1}},"10":{"start":{"line":19,"column":0},"end":{"line":19,"column":27}},"11":{"start":{"line":21,"column":11},"end":{"line":21,"column":30}},"12":{"start":{"line":27,"column":0},"end":{"line":62,"column":3}},"13":{"start":{"line":28,"column":14},"end":{"line":28,"column":42}},"14":{"start":{"line":29,"column":2},"end":{"line":29,"column":28}},"15":{"start":{"line":29,"column":14},"end":{"line":29,"column":28}},"16":{"start":{"line":31,"column":2},"end":{"line":47,"column":3}},"17":{"start":{"line":32,"column":30},"end":{"line":32,"column":69}},"18":{"start":{"line":33,"column":24},"end":{"line":35,"column":5}},"19":{"start":{"line":36,"column":33},"end":{"line":36,"column":55}},"20":{"start":{"line":40,"column":4},"end":{"line":40,"column":33}},"21":{"start":{"line":41,"column":4},"end":{"line":41,"column":33}},"22":{"start":{"line":46,"column":4},"end":{"line":46,"column":18}},"23":{"start":{"line":49,"column":2},"end":{"line":49,"column":39}},"24":{"start":{"line":50,"column":2},"end":{"line":61,"column":5}},"25":{"start":{"line":51,"column":4},"end":{"line":60,"column":5}},"26":{"start":{"line":52,"column":6},"end":{"line":55,"column":9}},"27":{"start":{"line":57,"column":6},"end":{"line":57,"column":22}},"28":{"start":{"line":58,"column":6},"end":{"line":58,"column":24}},"29":{"start":{"line":59,"column":6},"end":{"line":59,"column":13}},"30":{"start":{"line":64,"column":0},"end":{"line":66,"column":3}},"31":{"start":{"line":65,"column":2},"end":{"line":65,"column":61}},"32":{"start":{"line":68,"column":0},"end":{"line":68,"column":42}},"33":{"start":{"line":69,"column":0},"end":{"line":69,"column":38}},"34":{"start":{"line":70,"column":0},"end":{"line":70,"column":39}},"35":{"start":{"line":71,"column":0},"end":{"line":71,"column":40}},"36":{"start":{"line":72,"column":0},"end":{"line":72,"column":39}},"37":{"start":{"line":73,"column":0},"end":{"line":73,"column":43}},"38":{"start":{"line":74,"column":0},"end":{"line":74,"column":40}},"39":{"start":{"line":75,"column":0},"end":{"line":75,"column":39}},"40":{"start":{"line":76,"column":0},"end":{"line":76,"column":38}},"41":{"start":{"line":77,"column":0},"end":{"line":77,"column":39}},"42":{"start":{"line":78,"column":0},"end":{"line":78,"column":37}},"43":{"start":{"line":80,"column":13},"end":{"line":80,"column":37}},"44":{"start":{"line":81,"column":0},"end":{"line":83,"column":3}},"45":{"start":{"line":82,"column":2},"end":{"line":82,"column":57}},"46":{"start":{"line":85,"column":0},"end":{"line":85,"column":21}}},"fnMap":{"0":{"name":"(anonymous_0)","decl":{"start":{"line":27,"column":8},"end":{"line":27,"column":9}},"loc":{"start":{"line":27,"column":34},"end":{"line":62,"column":1}},"line":27},"1":{"name":"(anonymous_1)","decl":{"start":{"line":50,"column":44},"end":{"line":50,"column":45}},"loc":{"start":{"line":50,"column":65},"end":{"line":61,"column":3}},"line":50},"2":{"name":"(anonymous_2)","decl":{"start":{"line":64,"column":13},"end":{"line":64,"column":14}},"loc":{"start":{"line":64,"column":27},"end":{"line":66,"column":1}},"line":64},"3":{"name":"(anonymous_3)","decl":{"start":{"line":81,"column":17},"end":{"line":81,"column":18}},"loc":{"start":{"line":81,"column":23},"end":{"line":83,"column":1}},"line":81}},"branchMap":{"0":{"loc":{"start":{"line":29,"column":2},"end":{"line":29,"column":28}},"type":"if","locations":[{"start":{"line":29,"column":2},"end":{"line":29,"column":28}},{"start":{},"end":{}}],"line":29},"1":{"loc":{"start":{"line":31,"column":2},"end":{"line":47,"column":3}},"type":"if","locations":[{"start":{"line":31,"column":2},"end":{"line":47,"column":3}},{"start":{},"end":{}}],"line":31},"2":{"loc":{"start":{"line":51,"column":4},"end":{"line":60,"column":5}},"type":"if","locations":[{"start":{"line":51,"column":4},"end":{"line":60,"column":5}},{"start":{"line":56,"column":11},"end":{"line":60,"column":5}}],"line":51},"3":{"loc":{"start":{"line":80,"column":13},"end":{"line":80,"column":37}},"type":"binary-expr","locations":[{"start":{"line":80,"column":13},"end":{"line":80,"column":29}},{"start":{"line":80,"column":33},"end":{"line":80,"column":37}}],"line":80}},"s":{"0":1,"1":1,"2":1,"3":1,"4":1,"5":1,"6":1,"7":1,"8":1,"9":1,"10":1,"11":1,"12":1,"13":2,"14":2,"15":0,"16":2,"17":2,"18":2,"19":2,"20":2,"21":2,"22":2,"23":0,"24":0,"25":0,"26":0,"27":0,"28":0,"29":0,"30":1,"31":0,"32":1,"33":1,"34":1,"35":1,"36":1,"37":1,"38":1,"39":1,"40":1,"41":1,"42":1,"43":1,"44":1,"45":1,"46":1},"f":{"0":2,"1":0,"2":0,"3":1},"b":{"0":[0,2],"1":[2,0],"2":[0,0],"3":[1,0]},"_coverageSchema":"1a1c01bbd47fc00a2c39e90264f33305004495a9","hash":"2b81641760a6244cc5b22aa1783df647ee075e16"}
,"C:\\Users\\DAW\\Desktop\\Cafeteria\\The_Cafeteria\\API_RESTFULL\\backend\\utils.js": {"path":"C:\\Users\\DAW\\Desktop\\Cafeteria\\The_Cafeteria\\API_RESTFULL\\backend\\utils.js","statementMap":{"0":{"start":{"line":1,"column":10},"end":{"line":1,"column":33}},"1":{"start":{"line":4,"column":2},"end":{"line":4,"column":25}},"2":{"start":{"line":4,"column":13},"end":{"line":4,"column":25}},"3":{"start":{"line":5,"column":12},"end":{"line":9,"column":3}},"4":{"start":{"line":10,"column":2},"end":{"line":12,"column":5}},"5":{"start":{"line":16,"column":2},"end":{"line":16,"column":25}},"6":{"start":{"line":16,"column":13},"end":{"line":16,"column":25}},"7":{"start":{"line":18,"column":2},"end":{"line":22,"column":4}},"8":{"start":{"line":25,"column":0},"end":{"line":28,"column":2}}},"fnMap":{"0":{"name":"generateToken","decl":{"start":{"line":3,"column":9},"end":{"line":3,"column":22}},"loc":{"start":{"line":3,"column":29},"end":{"line":13,"column":1}},"line":3},"1":{"name":"getCleanUser","decl":{"start":{"line":15,"column":9},"end":{"line":15,"column":21}},"loc":{"start":{"line":15,"column":28},"end":{"line":23,"column":1}},"line":15}},"branchMap":{"0":{"loc":{"start":{"line":4,"column":2},"end":{"line":4,"column":25}},"type":"if","locations":[{"start":{"line":4,"column":2},"end":{"line":4,"column":25}},{"start":{},"end":{}}],"line":4},"1":{"loc":{"start":{"line":16,"column":2},"end":{"line":16,"column":25}},"type":"if","locations":[{"start":{"line":16,"column":2},"end":{"line":16,"column":25}},{"start":{},"end":{}}],"line":16}},"s":{"0":1,"1":1,"2":0,"3":1,"4":1,"5":1,"6":0,"7":1,"8":1},"f":{"0":1,"1":1},"b":{"0":[0,1],"1":[0,1]},"_coverageSchema":"1a1c01bbd47fc00a2c39e90264f33305004495a9","hash":"0048ecc0d157fe543aa8b2097303861bc39907a6"}
,"C:\\Users\\DAW\\Desktop\\Cafeteria\\The_Cafeteria\\API_RESTFULL\\backend\\config\\config.js": {"path":"C:\\Users\\DAW\\Desktop\\Cafeteria\\The_Cafeteria\\API_RESTFULL\\backend\\config\\config.js","statementMap":{"0":{"start":{"line":1,"column":0},"end":{"line":1,"column":27}},"1":{"start":{"line":3,"column":15},"end":{"line":25,"column":1}},"2":{"start":{"line":27,"column":12},"end":{"line":27,"column":49}},"3":{"start":{"line":29,"column":0},"end":{"line":29,"column":28}}},"fnMap":{},"branchMap":{"0":{"loc":{"start":{"line":27,"column":12},"end":{"line":27,"column":49}},"type":"binary-expr","locations":[{"start":{"line":27,"column":12},"end":{"line":27,"column":32}},{"start":{"line":27,"column":36},"end":{"line":27,"column":49}}],"line":27}},"s":{"0":1,"1":1,"2":1,"3":1},"f":{},"b":{"0":[1,0]},"_coverageSchema":"1a1c01bbd47fc00a2c39e90264f33305004495a9","hash":"1085fa20a9234777537d7742f5fcca2a6b7abaf4"}
,"C:\\Users\\DAW\\Desktop\\Cafeteria\\The_Cafeteria\\API_RESTFULL\\backend\\config\\db.config.js": {"path":"C:\\Users\\DAW\\Desktop\\Cafeteria\\The_Cafeteria\\API_RESTFULL\\backend\\config\\db.config.js","statementMap":{"0":{"start":{"line":1,"column":18},"end":{"line":1,"column":37}},"1":{"start":{"line":3,"column":0},"end":{"line":15,"column":2}}},"fnMap":{},"branchMap":{},"s":{"0":1,"1":1},"f":{},"b":{},"_coverageSchema":"1a1c01bbd47fc00a2c39e90264f33305004495a9","hash":"849855456e4229aaf5c58e0c8bc6eb26c9c1c4e9"}
,"C:\\Users\\DAW\\Desktop\\Cafeteria\\The_Cafeteria\\API_RESTFULL\\backend\\controllers\\admin.controller.js": {"path":"C:\\Users\\DAW\\Desktop\\Cafeteria\\The_Cafeteria\\API_RESTFULL\\backend\\controllers\\admin.controller.js","statementMap":{"0":{"start":{"line":1,"column":11},"end":{"line":1,"column":31}},"1":{"start":{"line":2,"column":14},"end":{"line":2,"column":23}},"2":{"start":{"line":3,"column":11},"end":{"line":3,"column":26}},"3":{"start":{"line":4,"column":14},"end":{"line":4,"column":33}},"4":{"start":{"line":5,"column":15},"end":{"line":5,"column":34}},"5":{"start":{"line":7,"column":0},"end":{"line":60,"column":2}},"6":{"start":{"line":8,"column":2},"end":{"line":13,"column":3}},"7":{"start":{"line":9,"column":4},"end":{"line":11,"column":7}},"8":{"start":{"line":12,"column":4},"end":{"line":12,"column":11}},"9":{"start":{"line":15,"column":14},"end":{"line":20,"column":3}},"10":{"start":{"line":22,"column":2},"end":{"line":22,"column":21}},"11":{"start":{"line":24,"column":2},"end":{"line":24,"column":54}},"12":{"start":{"line":26,"column":2},"end":{"line":59,"column":7}},"13":{"start":{"line":28,"column":6},"end":{"line":35,"column":7}},"14":{"start":{"line":29,"column":23},"end":{"line":29,"column":75}},"15":{"start":{"line":30,"column":8},"end":{"line":30,"column":72}},"16":{"start":{"line":30,"column":21},"end":{"line":30,"column":72}},"17":{"start":{"line":31,"column":22},"end":{"line":31,"column":47}},"18":{"start":{"line":32,"column":25},"end":{"line":32,"column":49}},"19":{"start":{"line":34,"column":8},"end":{"line":34,"column":66}},"20":{"start":{"line":37,"column":6},"end":{"line":51,"column":11}},"21":{"start":{"line":39,"column":10},"end":{"line":39,"column":44}},"22":{"start":{"line":40,"column":24},"end":{"line":40,"column":49}},"23":{"start":{"line":41,"column":10},"end":{"line":41,"column":55}},"24":{"start":{"line":42,"column":27},"end":{"line":42,"column":51}},"25":{"start":{"line":43,"column":10},"end":{"line":43,"column":52}},"26":{"start":{"line":45,"column":10},"end":{"line":45,"column":68}},"27":{"start":{"line":48,"column":10},"end":{"line":50,"column":13}},"28":{"start":{"line":55,"column":6},"end":{"line":58,"column":9}},"29":{"start":{"line":62,"column":0},"end":{"line":84,"column":2}},"30":{"start":{"line":63,"column":2},"end":{"line":67,"column":3}},"31":{"start":{"line":64,"column":4},"end":{"line":66,"column":7}},"32":{"start":{"line":69,"column":2},"end":{"line":73,"column":3}},"33":{"start":{"line":70,"column":4},"end":{"line":72,"column":7}},"34":{"start":{"line":75,"column":2},"end":{"line":83,"column":3}},"35":{"start":{"line":76,"column":19},"end":{"line":76,"column":40}},"36":{"start":{"line":78,"column":4},"end":{"line":78,"column":28}},"37":{"start":{"line":80,"column":4},"end":{"line":82,"column":7}},"38":{"start":{"line":86,"column":0},"end":{"line":115,"column":2}},"39":{"start":{"line":87,"column":13},"end":{"line":87,"column":26}},"40":{"start":{"line":89,"column":2},"end":{"line":93,"column":3}},"41":{"start":{"line":90,"column":4},"end":{"line":92,"column":7}},"42":{"start":{"line":95,"column":2},"end":{"line":114,"column":3}},"43":{"start":{"line":96,"column":4},"end":{"line":109,"column":9}},"44":{"start":{"line":98,"column":8},"end":{"line":102,"column":9}},"45":{"start":{"line":99,"column":10},"end":{"line":101,"column":13}},"46":{"start":{"line":103,"column":8},"end":{"line":103,"column":23}},"47":{"start":{"line":106,"column":8},"end":{"line":108,"column":11}},"48":{"start":{"line":111,"column":4},"end":{"line":113,"column":7}},"49":{"start":{"line":117,"column":0},"end":{"line":165,"column":2}},"50":{"start":{"line":118,"column":13},"end":{"line":118,"column":26}},"51":{"start":{"line":122,"column":2},"end":{"line":126,"column":3}},"52":{"start":{"line":123,"column":4},"end":{"line":125,"column":7}},"53":{"start":{"line":128,"column":2},"end":{"line":132,"column":3}},"54":{"start":{"line":129,"column":4},"end":{"line":131,"column":7}},"55":{"start":{"line":133,"column":2},"end":{"line":137,"column":3}},"56":{"start":{"line":134,"column":4},"end":{"line":136,"column":7}},"57":{"start":{"line":139,"column":17},"end":{"line":143,"column":3}},"58":{"start":{"line":145,"column":2},"end":{"line":147,"column":3}},"59":{"start":{"line":146,"column":4},"end":{"line":146,"column":57}},"60":{"start":{"line":149,"column":2},"end":{"line":164,"column":7}},"61":{"start":{"line":151,"column":6},"end":{"line":156,"column":7}},"62":{"start":{"line":153,"column":8},"end":{"line":155,"column":11}},"63":{"start":{"line":157,"column":6},"end":{"line":157,"column":63}},"64":{"start":{"line":161,"column":6},"end":{"line":163,"column":9}},"65":{"start":{"line":167,"column":0},"end":{"line":190,"column":2}},"66":{"start":{"line":168,"column":13},"end":{"line":168,"column":26}},"67":{"start":{"line":170,"column":2},"end":{"line":170,"column":24}},"68":{"start":{"line":172,"column":22},"end":{"line":174,"column":3}},"69":{"start":{"line":176,"column":2},"end":{"line":189,"column":7}},"70":{"start":{"line":178,"column":6},"end":{"line":182,"column":7}},"71":{"start":{"line":179,"column":8},"end":{"line":181,"column":11}},"72":{"start":{"line":183,"column":6},"end":{"line":183,"column":63}},"73":{"start":{"line":186,"column":6},"end":{"line":188,"column":9}},"74":{"start":{"line":192,"column":0},"end":{"line":210,"column":2}},"75":{"start":{"line":193,"column":13},"end":{"line":193,"column":26}},"76":{"start":{"line":196,"column":2},"end":{"line":209,"column":7}},"77":{"start":{"line":198,"column":6},"end":{"line":204,"column":7}},"78":{"start":{"line":199,"column":8},"end":{"line":199,"column":58}},"79":{"start":{"line":200,"column":8},"end":{"line":200,"column":61}},"80":{"start":{"line":202,"column":8},"end":{"line":202,"column":60}},"81":{"start":{"line":203,"column":8},"end":{"line":203,"column":62}},"82":{"start":{"line":207,"column":6},"end":{"line":207,"column":50}},"83":{"start":{"line":208,"column":6},"end":{"line":208,"column":65}},"84":{"start":{"line":213,"column":0},"end":{"line":241,"column":2}},"85":{"start":{"line":214,"column":33},"end":{"line":214,"column":41}},"86":{"start":{"line":216,"column":2},"end":{"line":240,"column":7}},"87":{"start":{"line":218,"column":6},"end":{"line":220,"column":7}},"88":{"start":{"line":219,"column":8},"end":{"line":219,"column":68}},"89":{"start":{"line":222,"column":6},"end":{"line":226,"column":7}},"90":{"start":{"line":223,"column":8},"end":{"line":225,"column":11}},"91":{"start":{"line":228,"column":22},"end":{"line":228,"column":66}},"92":{"start":{"line":229,"column":6},"end":{"line":231,"column":7}},"93":{"start":{"line":230,"column":8},"end":{"line":230,"column":73}},"94":{"start":{"line":233,"column":6},"end":{"line":233,"column":22}},"95":{"start":{"line":236,"column":6},"end":{"line":239,"column":9}}},"fnMap":{"0":{"name":"(anonymous_0)","decl":{"start":{"line":7,"column":17},"end":{"line":7,"column":18}},"loc":{"start":{"line":7,"column":31},"end":{"line":60,"column":1}},"line":7},"1":{"name":"(anonymous_1)","decl":{"start":{"line":27,"column":10},"end":{"line":27,"column":11}},"loc":{"start":{"line":27,"column":20},"end":{"line":52,"column":5}},"line":27},"2":{"name":"(anonymous_2)","decl":{"start":{"line":38,"column":14},"end":{"line":38,"column":15}},"loc":{"start":{"line":38,"column":24},"end":{"line":46,"column":9}},"line":38},"3":{"name":"(anonymous_3)","decl":{"start":{"line":47,"column":15},"end":{"line":47,"column":16}},"loc":{"start":{"line":47,"column":24},"end":{"line":51,"column":9}},"line":47},"4":{"name":"(anonymous_4)","decl":{"start":{"line":54,"column":11},"end":{"line":54,"column":12}},"loc":{"start":{"line":54,"column":20},"end":{"line":59,"column":5}},"line":54},"5":{"name":"(anonymous_5)","decl":{"start":{"line":62,"column":18},"end":{"line":62,"column":19}},"loc":{"start":{"line":62,"column":38},"end":{"line":84,"column":1}},"line":62},"6":{"name":"(anonymous_6)","decl":{"start":{"line":86,"column":18},"end":{"line":86,"column":19}},"loc":{"start":{"line":86,"column":32},"end":{"line":115,"column":1}},"line":86},"7":{"name":"(anonymous_7)","decl":{"start":{"line":97,"column":12},"end":{"line":97,"column":13}},"loc":{"start":{"line":97,"column":22},"end":{"line":104,"column":7}},"line":97},"8":{"name":"(anonymous_8)","decl":{"start":{"line":105,"column":13},"end":{"line":105,"column":14}},"loc":{"start":{"line":105,"column":22},"end":{"line":109,"column":7}},"line":105},"9":{"name":"(anonymous_9)","decl":{"start":{"line":117,"column":17},"end":{"line":117,"column":18}},"loc":{"start":{"line":117,"column":31},"end":{"line":165,"column":1}},"line":117},"10":{"name":"(anonymous_10)","decl":{"start":{"line":150,"column":10},"end":{"line":150,"column":11}},"loc":{"start":{"line":150,"column":29},"end":{"line":158,"column":5}},"line":150},"11":{"name":"(anonymous_11)","decl":{"start":{"line":159,"column":11},"end":{"line":159,"column":12}},"loc":{"start":{"line":159,"column":20},"end":{"line":164,"column":5}},"line":159},"12":{"name":"(anonymous_12)","decl":{"start":{"line":167,"column":20},"end":{"line":167,"column":21}},"loc":{"start":{"line":167,"column":34},"end":{"line":190,"column":1}},"line":167},"13":{"name":"(anonymous_13)","decl":{"start":{"line":177,"column":10},"end":{"line":177,"column":11}},"loc":{"start":{"line":177,"column":29},"end":{"line":184,"column":5}},"line":177},"14":{"name":"(anonymous_14)","decl":{"start":{"line":185,"column":11},"end":{"line":185,"column":12}},"loc":{"start":{"line":185,"column":20},"end":{"line":189,"column":5}},"line":185},"15":{"name":"(anonymous_15)","decl":{"start":{"line":192,"column":17},"end":{"line":192,"column":18}},"loc":{"start":{"line":192,"column":31},"end":{"line":210,"column":1}},"line":192},"16":{"name":"(anonymous_16)","decl":{"start":{"line":197,"column":10},"end":{"line":197,"column":11}},"loc":{"start":{"line":197,"column":23},"end":{"line":205,"column":5}},"line":197},"17":{"name":"(anonymous_17)","decl":{"start":{"line":206,"column":11},"end":{"line":206,"column":12}},"loc":{"start":{"line":206,"column":20},"end":{"line":209,"column":5}},"line":206},"18":{"name":"(anonymous_18)","decl":{"start":{"line":213,"column":40},"end":{"line":213,"column":41}},"loc":{"start":{"line":213,"column":54},"end":{"line":241,"column":1}},"line":213},"19":{"name":"(anonymous_19)","decl":{"start":{"line":217,"column":10},"end":{"line":217,"column":11}},"loc":{"start":{"line":217,"column":21},"end":{"line":234,"column":5}},"line":217},"20":{"name":"(anonymous_20)","decl":{"start":{"line":235,"column":11},"end":{"line":235,"column":12}},"loc":{"start":{"line":235,"column":20},"end":{"line":240,"column":5}},"line":235}},"branchMap":{"0":{"loc":{"start":{"line":8,"column":2},"end":{"line":13,"column":3}},"type":"if","locations":[{"start":{"line":8,"column":2},"end":{"line":13,"column":3}},{"start":{},"end":{}}],"line":8},"1":{"loc":{"start":{"line":8,"column":6},"end":{"line":8,"column":46}},"type":"binary-expr","locations":[{"start":{"line":8,"column":6},"end":{"line":8,"column":24}},{"start":{"line":8,"column":28},"end":{"line":8,"column":46}}],"line":8},"2":{"loc":{"start":{"line":19,"column":14},"end":{"line":19,"column":47}},"type":"cond-expr","locations":[{"start":{"line":19,"column":25},"end":{"line":19,"column":42}},{"start":{"line":19,"column":45},"end":{"line":19,"column":47}}],"line":19},"3":{"loc":{"start":{"line":28,"column":6},"end":{"line":35,"column":7}},"type":"if","locations":[{"start":{"line":28,"column":6},"end":{"line":35,"column":7}},{"start":{},"end":{}}],"line":28},"4":{"loc":{"start":{"line":30,"column":8},"end":{"line":30,"column":72}},"type":"if","locations":[{"start":{"line":30,"column":8},"end":{"line":30,"column":72}},{"start":{},"end":{}}],"line":30},"5":{"loc":{"start":{"line":49,"column":21},"end":{"line":49,"column":74}},"type":"binary-expr","locations":[{"start":{"line":49,"column":21},"end":{"line":49,"column":32}},{"start":{"line":49,"column":36},"end":{"line":49,"column":74}}],"line":49},"6":{"loc":{"start":{"line":57,"column":10},"end":{"line":57,"column":74}},"type":"binary-expr","locations":[{"start":{"line":57,"column":10},"end":{"line":57,"column":21}},{"start":{"line":57,"column":25},"end":{"line":57,"column":74}}],"line":57},"7":{"loc":{"start":{"line":63,"column":2},"end":{"line":67,"column":3}},"type":"if","locations":[{"start":{"line":63,"column":2},"end":{"line":67,"column":3}},{"start":{},"end":{}}],"line":63},"8":{"loc":{"start":{"line":69,"column":2},"end":{"line":73,"column":3}},"type":"if","locations":[{"start":{"line":69,"column":2},"end":{"line":73,"column":3}},{"start":{},"end":{}}],"line":69},"9":{"loc":{"start":{"line":81,"column":15},"end":{"line":81,"column":74}},"type":"binary-expr","locations":[{"start":{"line":81,"column":15},"end":{"line":81,"column":26}},{"start":{"line":81,"column":30},"end":{"line":81,"column":74}}],"line":81},"10":{"loc":{"start":{"line":89,"column":2},"end":{"line":93,"column":3}},"type":"if","locations":[{"start":{"line":89,"column":2},"end":{"line":93,"column":3}},{"start":{},"end":{}}],"line":89},"11":{"loc":{"start":{"line":95,"column":2},"end":{"line":114,"column":3}},"type":"if","locations":[{"start":{"line":95,"column":2},"end":{"line":114,"column":3}},{"start":{"line":110,"column":9},"end":{"line":114,"column":3}}],"line":95},"12":{"loc":{"start":{"line":98,"column":8},"end":{"line":102,"column":9}},"type":"if","locations":[{"start":{"line":98,"column":8},"end":{"line":102,"column":9}},{"start":{},"end":{}}],"line":98},"13":{"loc":{"start":{"line":107,"column":19},"end":{"line":107,"column":73}},"type":"binary-expr","locations":[{"start":{"line":107,"column":19},"end":{"line":107,"column":30}},{"start":{"line":107,"column":34},"end":{"line":107,"column":73}}],"line":107},"14":{"loc":{"start":{"line":122,"column":2},"end":{"line":126,"column":3}},"type":"if","locations":[{"start":{"line":122,"column":2},"end":{"line":126,"column":3}},{"start":{},"end":{}}],"line":122},"15":{"loc":{"start":{"line":128,"column":2},"end":{"line":132,"column":3}},"type":"if","locations":[{"start":{"line":128,"column":2},"end":{"line":132,"column":3}},{"start":{},"end":{}}],"line":128},"16":{"loc":{"start":{"line":133,"column":2},"end":{"line":137,"column":3}},"type":"if","locations":[{"start":{"line":133,"column":2},"end":{"line":137,"column":3}},{"start":{},"end":{}}],"line":133},"17":{"loc":{"start":{"line":145,"column":2},"end":{"line":147,"column":3}},"type":"if","locations":[{"start":{"line":145,"column":2},"end":{"line":147,"column":3}},{"start":{},"end":{}}],"line":145},"18":{"loc":{"start":{"line":151,"column":6},"end":{"line":156,"column":7}},"type":"if","locations":[{"start":{"line":151,"column":6},"end":{"line":156,"column":7}},{"start":{},"end":{}}],"line":151},"19":{"loc":{"start":{"line":162,"column":17},"end":{"line":162,"column":77}},"type":"binary-expr","locations":[{"start":{"line":162,"column":17},"end":{"line":162,"column":28}},{"start":{"line":162,"column":32},"end":{"line":162,"column":77}}],"line":162},"20":{"loc":{"start":{"line":173,"column":14},"end":{"line":173,"column":47}},"type":"cond-expr","locations":[{"start":{"line":173,"column":25},"end":{"line":173,"column":42}},{"start":{"line":173,"column":45},"end":{"line":173,"column":47}}],"line":173},"21":{"loc":{"start":{"line":178,"column":6},"end":{"line":182,"column":7}},"type":"if","locations":[{"start":{"line":178,"column":6},"end":{"line":182,"column":7}},{"start":{},"end":{}}],"line":178},"22":{"loc":{"start":{"line":187,"column":17},"end":{"line":187,"column":77}},"type":"binary-expr","locations":[{"start":{"line":187,"column":17},"end":{"line":187,"column":28}},{"start":{"line":187,"column":32},"end":{"line":187,"column":77}}],"line":187},"23":{"loc":{"start":{"line":198,"column":6},"end":{"line":204,"column":7}},"type":"if","locations":[{"start":{"line":198,"column":6},"end":{"line":204,"column":7}},{"start":{"line":201,"column":13},"end":{"line":204,"column":7}}],"line":198},"24":{"loc":{"start":{"line":218,"column":6},"end":{"line":220,"column":7}},"type":"if","locations":[{"start":{"line":218,"column":6},"end":{"line":220,"column":7}},{"start":{},"end":{}}],"line":218},"25":{"loc":{"start":{"line":222,"column":6},"end":{"line":226,"column":7}},"type":"if","locations":[{"start":{"line":222,"column":6},"end":{"line":226,"column":7}},{"start":{},"end":{}}],"line":222},"26":{"loc":{"start":{"line":222,"column":10},"end":{"line":222,"column":63}},"type":"binary-expr","locations":[{"start":{"line":222,"column":10},"end":{"line":222,"column":35}},{"start":{"line":222,"column":39},"end":{"line":222,"column":63}}],"line":222},"27":{"loc":{"start":{"line":229,"column":6},"end":{"line":231,"column":7}},"type":"if","locations":[{"start":{"line":229,"column":6},"end":{"line":231,"column":7}},{"start":{},"end":{}}],"line":229},"28":{"loc":{"start":{"line":238,"column":10},"end":{"line":238,"column":73}},"type":"binary-expr","locations":[{"start":{"line":238,"column":10},"end":{"line":238,"column":21}},{"start":{"line":238,"column":25},"end":{"line":238,"column":73}}],"line":238}},"s":{"0":1,"1":1,"2":1,"3":1,"4":1,"5":1,"6":0,"7":0,"8":0,"9":0,"10":0,"11":0,"12":0,"13":0,"14":0,"15":0,"16":0,"17":0,"18":0,"19":0,"20":0,"21":0,"22":0,"23":0,"24":0,"25":0,"26":0,"27":0,"28":0,"29":1,"30":0,"31":0,"32":0,"33":0,"34":0,"35":0,"36":0,"37":0,"38":1,"39":0,"40":0,"41":0,"42":0,"43":0,"44":0,"45":0,"46":0,"47":0,"48":0,"49":1,"50":0,"51":0,"52":0,"53":0,"54":0,"55":0,"56":0,"57":0,"58":0,"59":0,"60":0,"61":0,"62":0,"63":0,"64":0,"65":1,"66":0,"67":0,"68":0,"69":0,"70":0,"71":0,"72":0,"73":0,"74":1,"75":0,"76":0,"77":0,"78":0,"79":0,"80":0,"81":0,"82":0,"83":0,"84":1,"85":0,"86":0,"87":0,"88":0,"89":0,"90":0,"91":0,"92":0,"93":0,"94":0,"95":0},"f":{"0":0,"1":0,"2":0,"3":0,"4":0,"5":0,"6":0,"7":0,"8":0,"9":0,"10":0,"11":0,"12":0,"13":0,"14":0,"15":0,"16":0,"17":0,"18":0,"19":0,"20":0},"b":{"0":[0,0],"1":[0,0],"2":[0,0],"3":[0,0],"4":[0,0],"5":[0,0],"6":[0,0],"7":[0,0],"8":[0,0],"9":[0,0],"10":[0,0],"11":[0,0],"12":[0,0],"13":[0,0],"14":[0,0],"15":[0,0],"16":[0,0],"17":[0,0],"18":[0,0],"19":[0,0],"20":[0,0],"21":[0,0],"22":[0,0],"23":[0,0],"24":[0,0],"25":[0,0],"26":[0,0],"27":[0,0],"28":[0,0]},"_coverageSchema":"1a1c01bbd47fc00a2c39e90264f33305004495a9","hash":"f4c5da9dd5a8f8b70632b74dffec9f98f421c51a"}
,"C:\\Users\\DAW\\Desktop\\Cafeteria\\The_Cafeteria\\API_RESTFULL\\backend\\controllers\\auth.js": {"path":"C:\\Users\\DAW\\Desktop\\Cafeteria\\The_Cafeteria\\API_RESTFULL\\backend\\controllers\\auth.js","statementMap":{"0":{"start":{"line":1,"column":12},"end":{"line":1,"column":35}},"1":{"start":{"line":2,"column":14},"end":{"line":2,"column":33}},"2":{"start":{"line":3,"column":15},"end":{"line":3,"column":34}},"3":{"start":{"line":4,"column":11},"end":{"line":4,"column":31}},"4":{"start":{"line":5,"column":18},"end":{"line":5,"column":46}},"5":{"start":{"line":7,"column":0},"end":{"line":34,"column":2}},"6":{"start":{"line":8,"column":33},"end":{"line":8,"column":41}},"7":{"start":{"line":10,"column":2},"end":{"line":14,"column":3}},"8":{"start":{"line":11,"column":4},"end":{"line":13,"column":7}},"9":{"start":{"line":16,"column":2},"end":{"line":33,"column":3}},"10":{"start":{"line":17,"column":15},"end":{"line":17,"column":36}},"11":{"start":{"line":20,"column":4},"end":{"line":20,"column":72}},"12":{"start":{"line":20,"column":15},"end":{"line":20,"column":72}},"13":{"start":{"line":23,"column":20},"end":{"line":23,"column":65}},"14":{"start":{"line":24,"column":4},"end":{"line":24,"column":79}},"15":{"start":{"line":24,"column":18},"end":{"line":24,"column":79}},"16":{"start":{"line":27,"column":18},"end":{"line":27,"column":43}},"17":{"start":{"line":28,"column":20},"end":{"line":28,"column":44}},"18":{"start":{"line":30,"column":4},"end":{"line":30,"column":39}},"19":{"start":{"line":32,"column":4},"end":{"line":32,"column":54}},"20":{"start":{"line":36,"column":0},"end":{"line":87,"column":2}},"21":{"start":{"line":38,"column":14},"end":{"line":38,"column":23}},"22":{"start":{"line":39,"column":2},"end":{"line":44,"column":3}},"23":{"start":{"line":40,"column":4},"end":{"line":43,"column":7}},"24":{"start":{"line":46,"column":2},"end":{"line":86,"column":5}},"25":{"start":{"line":47,"column":4},"end":{"line":51,"column":9}},"26":{"start":{"line":48,"column":6},"end":{"line":51,"column":9}},"27":{"start":{"line":53,"column":44},"end":{"line":53,"column":48}},"28":{"start":{"line":56,"column":4},"end":{"line":68,"column":5}},"29":{"start":{"line":58,"column":8},"end":{"line":58,"column":25}},"30":{"start":{"line":59,"column":8},"end":{"line":59,"column":14}},"31":{"start":{"line":61,"column":8},"end":{"line":61,"column":25}},"32":{"start":{"line":62,"column":8},"end":{"line":62,"column":14}},"33":{"start":{"line":64,"column":8},"end":{"line":64,"column":26}},"34":{"start":{"line":65,"column":8},"end":{"line":65,"column":14}},"35":{"start":{"line":67,"column":8},"end":{"line":67,"column":68}},"36":{"start":{"line":70,"column":4},"end":{"line":85,"column":9}},"37":{"start":{"line":72,"column":8},"end":{"line":77,"column":9}},"38":{"start":{"line":73,"column":10},"end":{"line":76,"column":13}},"39":{"start":{"line":78,"column":8},"end":{"line":78,"column":24}},"40":{"start":{"line":79,"column":8},"end":{"line":79,"column":15}},"41":{"start":{"line":82,"column":8},"end":{"line":84,"column":11}}},"fnMap":{"0":{"name":"(anonymous_0)","decl":{"start":{"line":7,"column":17},"end":{"line":7,"column":18}},"loc":{"start":{"line":7,"column":37},"end":{"line":34,"column":1}},"line":7},"1":{"name":"(anonymous_1)","decl":{"start":{"line":36,"column":26},"end":{"line":36,"column":27}},"loc":{"start":{"line":36,"column":46},"end":{"line":87,"column":1}},"line":36},"2":{"name":"(anonymous_2)","decl":{"start":{"line":46,"column":44},"end":{"line":46,"column":45}},"loc":{"start":{"line":46,"column":65},"end":{"line":86,"column":3}},"line":46},"3":{"name":"(anonymous_3)","decl":{"start":{"line":71,"column":12},"end":{"line":71,"column":13}},"loc":{"start":{"line":71,"column":22},"end":{"line":80,"column":7}},"line":71},"4":{"name":"(anonymous_4)","decl":{"start":{"line":81,"column":13},"end":{"line":81,"column":14}},"loc":{"start":{"line":81,"column":22},"end":{"line":85,"column":7}},"line":81}},"branchMap":{"0":{"loc":{"start":{"line":10,"column":2},"end":{"line":14,"column":3}},"type":"if","locations":[{"start":{"line":10,"column":2},"end":{"line":14,"column":3}},{"start":{},"end":{}}],"line":10},"1":{"loc":{"start":{"line":10,"column":6},"end":{"line":10,"column":28}},"type":"binary-expr","locations":[{"start":{"line":10,"column":6},"end":{"line":10,"column":15}},{"start":{"line":10,"column":19},"end":{"line":10,"column":28}}],"line":10},"2":{"loc":{"start":{"line":20,"column":4},"end":{"line":20,"column":72}},"type":"if","locations":[{"start":{"line":20,"column":4},"end":{"line":20,"column":72}},{"start":{},"end":{}}],"line":20},"3":{"loc":{"start":{"line":24,"column":4},"end":{"line":24,"column":79}},"type":"if","locations":[{"start":{"line":24,"column":4},"end":{"line":24,"column":79}},{"start":{},"end":{}}],"line":24},"4":{"loc":{"start":{"line":39,"column":2},"end":{"line":44,"column":3}},"type":"if","locations":[{"start":{"line":39,"column":2},"end":{"line":44,"column":3}},{"start":{},"end":{}}],"line":39},"5":{"loc":{"start":{"line":47,"column":4},"end":{"line":51,"column":9}},"type":"if","locations":[{"start":{"line":47,"column":4},"end":{"line":51,"column":9}},{"start":{},"end":{}}],"line":47},"6":{"loc":{"start":{"line":56,"column":4},"end":{"line":68,"column":5}},"type":"switch","locations":[{"start":{"line":57,"column":6},"end":{"line":59,"column":14}},{"start":{"line":60,"column":6},"end":{"line":62,"column":14}},{"start":{"line":63,"column":6},"end":{"line":65,"column":14}},{"start":{"line":66,"column":6},"end":{"line":67,"column":68}}],"line":56},"7":{"loc":{"start":{"line":72,"column":8},"end":{"line":77,"column":9}},"type":"if","locations":[{"start":{"line":72,"column":8},"end":{"line":77,"column":9}},{"start":{},"end":{}}],"line":72}},"s":{"0":1,"1":1,"2":1,"3":1,"4":1,"5":1,"6":2,"7":2,"8":0,"9":2,"10":2,"11":2,"12":1,"13":1,"14":1,"15":0,"16":1,"17":1,"18":1,"19":0,"20":1,"21":0,"22":0,"23":0,"24":0,"25":0,"26":0,"27":0,"28":0,"29":0,"30":0,"31":0,"32":0,"33":0,"34":0,"35":0,"36":0,"37":0,"38":0,"39":0,"40":0,"41":0},"f":{"0":2,"1":0,"2":0,"3":0,"4":0},"b":{"0":[0,2],"1":[2,2],"2":[1,1],"3":[0,1],"4":[0,0],"5":[0,0],"6":[0,0,0,0],"7":[0,0]},"_coverageSchema":"1a1c01bbd47fc00a2c39e90264f33305004495a9","hash":"41169b7bb4003df6ad14b534bbac090718472474"}
,"C:\\Users\\DAW\\Desktop\\Cafeteria\\The_Cafeteria\\API_RESTFULL\\backend\\controllers\\categories.controller.js": {"path":"C:\\Users\\DAW\\Desktop\\Cafeteria\\The_Cafeteria\\API_RESTFULL\\backend\\controllers\\categories.controller.js","statementMap":{"0":{"start":{"line":1,"column":11},"end":{"line":1,"column":31}},"1":{"start":{"line":2,"column":17},"end":{"line":2,"column":30}},"2":{"start":{"line":4,"column":0},"end":{"line":23,"column":2}},"3":{"start":{"line":6,"column":19},"end":{"line":10,"column":3}},"4":{"start":{"line":13,"column":2},"end":{"line":22,"column":7}},"5":{"start":{"line":15,"column":6},"end":{"line":15,"column":21}},"6":{"start":{"line":18,"column":6},"end":{"line":21,"column":9}},"7":{"start":{"line":26,"column":0},"end":{"line":37,"column":2}},"8":{"start":{"line":27,"column":2},"end":{"line":36,"column":7}},"9":{"start":{"line":29,"column":6},"end":{"line":29,"column":21}},"10":{"start":{"line":32,"column":6},"end":{"line":35,"column":9}},"11":{"start":{"line":40,"column":0},"end":{"line":51,"column":2}},"12":{"start":{"line":41,"column":13},"end":{"line":41,"column":34}},"13":{"start":{"line":43,"column":2},"end":{"line":50,"column":6}},"14":{"start":{"line":44,"column":24},"end":{"line":44,"column":42}},"15":{"start":{"line":46,"column":6},"end":{"line":49,"column":8}},"16":{"start":{"line":53,"column":0},"end":{"line":84,"column":2}},"17":{"start":{"line":54,"column":13},"end":{"line":54,"column":26}},"18":{"start":{"line":57,"column":2},"end":{"line":61,"column":3}},"19":{"start":{"line":58,"column":4},"end":{"line":60,"column":7}},"20":{"start":{"line":63,"column":17},"end":{"line":66,"column":3}},"21":{"start":{"line":69,"column":2},"end":{"line":83,"column":7}},"22":{"start":{"line":71,"column":6},"end":{"line":75,"column":7}},"23":{"start":{"line":72,"column":8},"end":{"line":74,"column":11}},"24":{"start":{"line":76,"column":6},"end":{"line":76,"column":66}},"25":{"start":{"line":79,"column":6},"end":{"line":82,"column":9}},"26":{"start":{"line":86,"column":0},"end":{"line":117,"column":2}},"27":{"start":{"line":87,"column":13},"end":{"line":87,"column":26}},"28":{"start":{"line":89,"column":2},"end":{"line":89,"column":24}},"29":{"start":{"line":91,"column":2},"end":{"line":95,"column":3}},"30":{"start":{"line":92,"column":4},"end":{"line":94,"column":7}},"31":{"start":{"line":97,"column":22},"end":{"line":99,"column":3}},"32":{"start":{"line":101,"column":2},"end":{"line":116,"column":7}},"33":{"start":{"line":103,"column":6},"end":{"line":108,"column":7}},"34":{"start":{"line":105,"column":8},"end":{"line":107,"column":11}},"35":{"start":{"line":109,"column":6},"end":{"line":109,"column":66}},"36":{"start":{"line":113,"column":6},"end":{"line":115,"column":9}},"37":{"start":{"line":119,"column":0},"end":{"line":136,"column":2}},"38":{"start":{"line":120,"column":13},"end":{"line":120,"column":26}},"39":{"start":{"line":122,"column":2},"end":{"line":135,"column":7}},"40":{"start":{"line":124,"column":6},"end":{"line":130,"column":7}},"41":{"start":{"line":125,"column":8},"end":{"line":125,"column":61}},"42":{"start":{"line":126,"column":8},"end":{"line":126,"column":64}},"43":{"start":{"line":128,"column":8},"end":{"line":128,"column":63}},"44":{"start":{"line":129,"column":8},"end":{"line":129,"column":65}},"45":{"start":{"line":133,"column":6},"end":{"line":133,"column":53}},"46":{"start":{"line":134,"column":6},"end":{"line":134,"column":68}}},"fnMap":{"0":{"name":"(anonymous_0)","decl":{"start":{"line":4,"column":17},"end":{"line":4,"column":18}},"loc":{"start":{"line":4,"column":31},"end":{"line":23,"column":1}},"line":4},"1":{"name":"(anonymous_1)","decl":{"start":{"line":14,"column":10},"end":{"line":14,"column":11}},"loc":{"start":{"line":14,"column":20},"end":{"line":16,"column":5}},"line":14},"2":{"name":"(anonymous_2)","decl":{"start":{"line":17,"column":11},"end":{"line":17,"column":12}},"loc":{"start":{"line":17,"column":20},"end":{"line":22,"column":5}},"line":17},"3":{"name":"(anonymous_3)","decl":{"start":{"line":26,"column":18},"end":{"line":26,"column":19}},"loc":{"start":{"line":26,"column":32},"end":{"line":37,"column":1}},"line":26},"4":{"name":"(anonymous_4)","decl":{"start":{"line":28,"column":10},"end":{"line":28,"column":11}},"loc":{"start":{"line":28,"column":20},"end":{"line":30,"column":5}},"line":28},"5":{"name":"(anonymous_5)","decl":{"start":{"line":31,"column":11},"end":{"line":31,"column":12}},"loc":{"start":{"line":31,"column":20},"end":{"line":36,"column":5}},"line":31},"6":{"name":"(anonymous_6)","decl":{"start":{"line":40,"column":18},"end":{"line":40,"column":19}},"loc":{"start":{"line":40,"column":32},"end":{"line":51,"column":1}},"line":40},"7":{"name":"(anonymous_7)","decl":{"start":{"line":44,"column":10},"end":{"line":44,"column":11}},"loc":{"start":{"line":44,"column":24},"end":{"line":44,"column":42}},"line":44},"8":{"name":"(anonymous_8)","decl":{"start":{"line":45,"column":11},"end":{"line":45,"column":12}},"loc":{"start":{"line":46,"column":6},"end":{"line":49,"column":8}},"line":46},"9":{"name":"(anonymous_9)","decl":{"start":{"line":53,"column":17},"end":{"line":53,"column":18}},"loc":{"start":{"line":53,"column":31},"end":{"line":84,"column":1}},"line":53},"10":{"name":"(anonymous_10)","decl":{"start":{"line":70,"column":10},"end":{"line":70,"column":11}},"loc":{"start":{"line":70,"column":29},"end":{"line":77,"column":5}},"line":70},"11":{"name":"(anonymous_11)","decl":{"start":{"line":78,"column":11},"end":{"line":78,"column":12}},"loc":{"start":{"line":78,"column":20},"end":{"line":83,"column":5}},"line":78},"12":{"name":"(anonymous_12)","decl":{"start":{"line":86,"column":20},"end":{"line":86,"column":21}},"loc":{"start":{"line":86,"column":34},"end":{"line":117,"column":1}},"line":86},"13":{"name":"(anonymous_13)","decl":{"start":{"line":102,"column":10},"end":{"line":102,"column":11}},"loc":{"start":{"line":102,"column":29},"end":{"line":110,"column":5}},"line":102},"14":{"name":"(anonymous_14)","decl":{"start":{"line":111,"column":11},"end":{"line":111,"column":12}},"loc":{"start":{"line":111,"column":20},"end":{"line":116,"column":5}},"line":111},"15":{"name":"(anonymous_15)","decl":{"start":{"line":119,"column":17},"end":{"line":119,"column":18}},"loc":{"start":{"line":119,"column":31},"end":{"line":136,"column":1}},"line":119},"16":{"name":"(anonymous_16)","decl":{"start":{"line":123,"column":10},"end":{"line":123,"column":11}},"loc":{"start":{"line":123,"column":23},"end":{"line":131,"column":5}},"line":123},"17":{"name":"(anonymous_17)","decl":{"start":{"line":132,"column":11},"end":{"line":132,"column":12}},"loc":{"start":{"line":132,"column":20},"end":{"line":135,"column":5}},"line":132}},"branchMap":{"0":{"loc":{"start":{"line":9,"column":14},"end":{"line":9,"column":47}},"type":"cond-expr","locations":[{"start":{"line":9,"column":25},"end":{"line":9,"column":42}},{"start":{"line":9,"column":45},"end":{"line":9,"column":47}}],"line":9},"1":{"loc":{"start":{"line":20,"column":10},"end":{"line":20,"column":75}},"type":"binary-expr","locations":[{"start":{"line":20,"column":10},"end":{"line":20,"column":21}},{"start":{"line":20,"column":25},"end":{"line":20,"column":75}}],"line":20},"2":{"loc":{"start":{"line":34,"column":10},"end":{"line":34,"column":75}},"type":"binary-expr","locations":[{"start":{"line":34,"column":10},"end":{"line":34,"column":21}},{"start":{"line":34,"column":25},"end":{"line":34,"column":75}}],"line":34},"3":{"loc":{"start":{"line":48,"column":10},"end":{"line":48,"column":75}},"type":"binary-expr","locations":[{"start":{"line":48,"column":10},"end":{"line":48,"column":21}},{"start":{"line":48,"column":25},"end":{"line":48,"column":75}}],"line":48},"4":{"loc":{"start":{"line":57,"column":2},"end":{"line":61,"column":3}},"type":"if","locations":[{"start":{"line":57,"column":2},"end":{"line":61,"column":3}},{"start":{},"end":{}}],"line":57},"5":{"loc":{"start":{"line":57,"column":6},"end":{"line":57,"column":61}},"type":"binary-expr","locations":[{"start":{"line":57,"column":6},"end":{"line":57,"column":31}},{"start":{"line":57,"column":35},"end":{"line":57,"column":61}}],"line":57},"6":{"loc":{"start":{"line":65,"column":14},"end":{"line":65,"column":47}},"type":"cond-expr","locations":[{"start":{"line":65,"column":25},"end":{"line":65,"column":42}},{"start":{"line":65,"column":45},"end":{"line":65,"column":47}}],"line":65},"7":{"loc":{"start":{"line":71,"column":6},"end":{"line":75,"column":7}},"type":"if","locations":[{"start":{"line":71,"column":6},"end":{"line":75,"column":7}},{"start":{},"end":{}}],"line":71},"8":{"loc":{"start":{"line":81,"column":10},"end":{"line":81,"column":73}},"type":"binary-expr","locations":[{"start":{"line":81,"column":10},"end":{"line":81,"column":21}},{"start":{"line":81,"column":25},"end":{"line":81,"column":73}}],"line":81},"9":{"loc":{"start":{"line":91,"column":2},"end":{"line":95,"column":3}},"type":"if","locations":[{"start":{"line":91,"column":2},"end":{"line":95,"column":3}},{"start":{},"end":{}}],"line":91},"10":{"loc":{"start":{"line":91,"column":8},"end":{"line":91,"column":61}},"type":"binary-expr","locations":[{"start":{"line":91,"column":8},"end":{"line":91,"column":32}},{"start":{"line":91,"column":36},"end":{"line":91,"column":61}}],"line":91},"11":{"loc":{"start":{"line":98,"column":14},"end":{"line":98,"column":47}},"type":"cond-expr","locations":[{"start":{"line":98,"column":25},"end":{"line":98,"column":42}},{"start":{"line":98,"column":45},"end":{"line":98,"column":47}}],"line":98},"12":{"loc":{"start":{"line":103,"column":6},"end":{"line":108,"column":7}},"type":"if","locations":[{"start":{"line":103,"column":6},"end":{"line":108,"column":7}},{"start":{},"end":{}}],"line":103},"13":{"loc":{"start":{"line":114,"column":17},"end":{"line":114,"column":79}},"type":"binary-expr","locations":[{"start":{"line":114,"column":17},"end":{"line":114,"column":28}},{"start":{"line":114,"column":32},"end":{"line":114,"column":79}}],"line":114},"14":{"loc":{"start":{"line":124,"column":6},"end":{"line":130,"column":7}},"type":"if","locations":[{"start":{"line":124,"column":6},"end":{"line":130,"column":7}},{"start":{"line":127,"column":13},"end":{"line":130,"column":7}}],"line":124}},"s":{"0":1,"1":1,"2":1,"3":0,"4":0,"5":0,"6":0,"7":1,"8":0,"9":0,"10":0,"11":1,"12":0,"13":0,"14":0,"15":0,"16":1,"17":0,"18":0,"19":0,"20":0,"21":0,"22":0,"23":0,"24":0,"25":0,"26":1,"27":0,"28":0,"29":0,"30":0,"31":0,"32":0,"33":0,"34":0,"35":0,"36":0,"37":1,"38":0,"39":0,"40":0,"41":0,"42":0,"43":0,"44":0,"45":0,"46":0},"f":{"0":0,"1":0,"2":0,"3":0,"4":0,"5":0,"6":0,"7":0,"8":0,"9":0,"10":0,"11":0,"12":0,"13":0,"14":0,"15":0,"16":0,"17":0},"b":{"0":[0,0],"1":[0,0],"2":[0,0],"3":[0,0],"4":[0,0],"5":[0,0],"6":[0,0],"7":[0,0],"8":[0,0],"9":[0,0],"10":[0,0],"11":[0,0],"12":[0,0],"13":[0,0],"14":[0,0]},"_coverageSchema":"1a1c01bbd47fc00a2c39e90264f33305004495a9","hash":"16e0d5cb1d5ccd412c58706bdf203121cf018b51"}
,"C:\\Users\\DAW\\Desktop\\Cafeteria\\The_Cafeteria\\API_RESTFULL\\backend\\controllers\\coffeShop.controller.js": {"path":"C:\\Users\\DAW\\Desktop\\Cafeteria\\The_Cafeteria\\API_RESTFULL\\backend\\controllers\\coffeShop.controller.js","statementMap":{"0":{"start":{"line":1,"column":11},"end":{"line":1,"column":31}},"1":{"start":{"line":2,"column":18},"end":{"line":2,"column":30}},"2":{"start":{"line":3,"column":11},"end":{"line":3,"column":26}},"3":{"start":{"line":5,"column":0},"end":{"line":23,"column":2}},"4":{"start":{"line":7,"column":15},"end":{"line":10,"column":3}},"5":{"start":{"line":13,"column":2},"end":{"line":22,"column":7}},"6":{"start":{"line":15,"column":6},"end":{"line":15,"column":21}},"7":{"start":{"line":18,"column":6},"end":{"line":21,"column":9}},"8":{"start":{"line":26,"column":0},"end":{"line":42,"column":2}},"9":{"start":{"line":27,"column":2},"end":{"line":31,"column":3}},"10":{"start":{"line":28,"column":4},"end":{"line":30,"column":7}},"11":{"start":{"line":32,"column":2},"end":{"line":41,"column":7}},"12":{"start":{"line":34,"column":6},"end":{"line":34,"column":21}},"13":{"start":{"line":37,"column":6},"end":{"line":40,"column":9}},"14":{"start":{"line":44,"column":0},"end":{"line":79,"column":2}},"15":{"start":{"line":45,"column":13},"end":{"line":45,"column":36}},"16":{"start":{"line":47,"column":2},"end":{"line":51,"column":3}},"17":{"start":{"line":48,"column":4},"end":{"line":50,"column":7}},"18":{"start":{"line":53,"column":2},"end":{"line":78,"column":3}},"19":{"start":{"line":58,"column":4},"end":{"line":73,"column":9}},"20":{"start":{"line":60,"column":8},"end":{"line":64,"column":9}},"21":{"start":{"line":61,"column":10},"end":{"line":63,"column":13}},"22":{"start":{"line":66,"column":8},"end":{"line":66,"column":29}},"23":{"start":{"line":67,"column":8},"end":{"line":67,"column":23}},"24":{"start":{"line":70,"column":8},"end":{"line":72,"column":11}},"25":{"start":{"line":75,"column":4},"end":{"line":77,"column":78}},"26":{"start":{"line":81,"column":0},"end":{"line":114,"column":2}},"27":{"start":{"line":82,"column":13},"end":{"line":82,"column":26}},"28":{"start":{"line":85,"column":2},"end":{"line":89,"column":3}},"29":{"start":{"line":86,"column":4},"end":{"line":88,"column":7}},"30":{"start":{"line":91,"column":17},"end":{"line":94,"column":3}},"31":{"start":{"line":97,"column":2},"end":{"line":113,"column":7}},"32":{"start":{"line":99,"column":6},"end":{"line":104,"column":7}},"33":{"start":{"line":101,"column":8},"end":{"line":103,"column":11}},"34":{"start":{"line":105,"column":6},"end":{"line":105,"column":67}},"35":{"start":{"line":109,"column":6},"end":{"line":112,"column":9}},"36":{"start":{"line":116,"column":0},"end":{"line":141,"column":2}},"37":{"start":{"line":117,"column":13},"end":{"line":117,"column":26}},"38":{"start":{"line":119,"column":2},"end":{"line":119,"column":24}},"39":{"start":{"line":121,"column":23},"end":{"line":123,"column":3}},"40":{"start":{"line":125,"column":2},"end":{"line":140,"column":7}},"41":{"start":{"line":127,"column":6},"end":{"line":132,"column":7}},"42":{"start":{"line":129,"column":8},"end":{"line":131,"column":11}},"43":{"start":{"line":133,"column":6},"end":{"line":133,"column":64}},"44":{"start":{"line":137,"column":6},"end":{"line":139,"column":9}},"45":{"start":{"line":143,"column":0},"end":{"line":166,"column":2}},"46":{"start":{"line":144,"column":13},"end":{"line":144,"column":26}},"47":{"start":{"line":145,"column":2},"end":{"line":149,"column":3}},"48":{"start":{"line":146,"column":4},"end":{"line":148,"column":7}},"49":{"start":{"line":152,"column":2},"end":{"line":165,"column":7}},"50":{"start":{"line":154,"column":6},"end":{"line":160,"column":7}},"51":{"start":{"line":155,"column":8},"end":{"line":155,"column":62}},"52":{"start":{"line":156,"column":8},"end":{"line":156,"column":65}},"53":{"start":{"line":158,"column":8},"end":{"line":158,"column":64}},"54":{"start":{"line":159,"column":8},"end":{"line":159,"column":66}},"55":{"start":{"line":163,"column":6},"end":{"line":163,"column":54}},"56":{"start":{"line":164,"column":6},"end":{"line":164,"column":69}}},"fnMap":{"0":{"name":"(anonymous_0)","decl":{"start":{"line":5,"column":17},"end":{"line":5,"column":18}},"loc":{"start":{"line":5,"column":31},"end":{"line":23,"column":1}},"line":5},"1":{"name":"(anonymous_1)","decl":{"start":{"line":14,"column":10},"end":{"line":14,"column":11}},"loc":{"start":{"line":14,"column":20},"end":{"line":16,"column":5}},"line":14},"2":{"name":"(anonymous_2)","decl":{"start":{"line":17,"column":11},"end":{"line":17,"column":12}},"loc":{"start":{"line":17,"column":20},"end":{"line":22,"column":5}},"line":17},"3":{"name":"(anonymous_3)","decl":{"start":{"line":26,"column":18},"end":{"line":26,"column":19}},"loc":{"start":{"line":26,"column":32},"end":{"line":42,"column":1}},"line":26},"4":{"name":"(anonymous_4)","decl":{"start":{"line":33,"column":10},"end":{"line":33,"column":11}},"loc":{"start":{"line":33,"column":20},"end":{"line":35,"column":5}},"line":33},"5":{"name":"(anonymous_5)","decl":{"start":{"line":36,"column":11},"end":{"line":36,"column":12}},"loc":{"start":{"line":36,"column":20},"end":{"line":41,"column":5}},"line":36},"6":{"name":"(anonymous_6)","decl":{"start":{"line":44,"column":18},"end":{"line":44,"column":19}},"loc":{"start":{"line":44,"column":32},"end":{"line":79,"column":1}},"line":44},"7":{"name":"(anonymous_7)","decl":{"start":{"line":59,"column":12},"end":{"line":59,"column":13}},"loc":{"start":{"line":59,"column":22},"end":{"line":68,"column":7}},"line":59},"8":{"name":"(anonymous_8)","decl":{"start":{"line":69,"column":13},"end":{"line":69,"column":14}},"loc":{"start":{"line":69,"column":22},"end":{"line":73,"column":7}},"line":69},"9":{"name":"(anonymous_9)","decl":{"start":{"line":81,"column":17},"end":{"line":81,"column":18}},"loc":{"start":{"line":81,"column":31},"end":{"line":114,"column":1}},"line":81},"10":{"name":"(anonymous_10)","decl":{"start":{"line":98,"column":10},"end":{"line":98,"column":11}},"loc":{"start":{"line":98,"column":29},"end":{"line":106,"column":5}},"line":98},"11":{"name":"(anonymous_11)","decl":{"start":{"line":107,"column":11},"end":{"line":107,"column":12}},"loc":{"start":{"line":107,"column":20},"end":{"line":113,"column":5}},"line":107},"12":{"name":"(anonymous_12)","decl":{"start":{"line":116,"column":20},"end":{"line":116,"column":21}},"loc":{"start":{"line":116,"column":34},"end":{"line":141,"column":1}},"line":116},"13":{"name":"(anonymous_13)","decl":{"start":{"line":126,"column":10},"end":{"line":126,"column":11}},"loc":{"start":{"line":126,"column":29},"end":{"line":134,"column":5}},"line":126},"14":{"name":"(anonymous_14)","decl":{"start":{"line":135,"column":11},"end":{"line":135,"column":12}},"loc":{"start":{"line":135,"column":20},"end":{"line":140,"column":5}},"line":135},"15":{"name":"(anonymous_15)","decl":{"start":{"line":143,"column":17},"end":{"line":143,"column":18}},"loc":{"start":{"line":143,"column":31},"end":{"line":166,"column":1}},"line":143},"16":{"name":"(anonymous_16)","decl":{"start":{"line":153,"column":10},"end":{"line":153,"column":11}},"loc":{"start":{"line":153,"column":23},"end":{"line":161,"column":5}},"line":153},"17":{"name":"(anonymous_17)","decl":{"start":{"line":162,"column":11},"end":{"line":162,"column":12}},"loc":{"start":{"line":162,"column":20},"end":{"line":165,"column":5}},"line":162}},"branchMap":{"0":{"loc":{"start":{"line":9,"column":14},"end":{"line":9,"column":47}},"type":"cond-expr","locations":[{"start":{"line":9,"column":25},"end":{"line":9,"column":42}},{"start":{"line":9,"column":45},"end":{"line":9,"column":47}}],"line":9},"1":{"loc":{"start":{"line":20,"column":10},"end":{"line":20,"column":76}},"type":"binary-expr","locations":[{"start":{"line":20,"column":10},"end":{"line":20,"column":21}},{"start":{"line":20,"column":25},"end":{"line":20,"column":76}}],"line":20},"2":{"loc":{"start":{"line":27,"column":2},"end":{"line":31,"column":3}},"type":"if","locations":[{"start":{"line":27,"column":2},"end":{"line":31,"column":3}},{"start":{},"end":{}}],"line":27},"3":{"loc":{"start":{"line":39,"column":10},"end":{"line":39,"column":75}},"type":"binary-expr","locations":[{"start":{"line":39,"column":10},"end":{"line":39,"column":21}},{"start":{"line":39,"column":25},"end":{"line":39,"column":75}}],"line":39},"4":{"loc":{"start":{"line":47,"column":2},"end":{"line":51,"column":3}},"type":"if","locations":[{"start":{"line":47,"column":2},"end":{"line":51,"column":3}},{"start":{},"end":{}}],"line":47},"5":{"loc":{"start":{"line":53,"column":2},"end":{"line":78,"column":3}},"type":"if","locations":[{"start":{"line":53,"column":2},"end":{"line":78,"column":3}},{"start":{"line":74,"column":9},"end":{"line":78,"column":3}}],"line":53},"6":{"loc":{"start":{"line":54,"column":4},"end":{"line":56,"column":22}},"type":"binary-expr","locations":[{"start":{"line":54,"column":4},"end":{"line":54,"column":29}},{"start":{"line":55,"column":4},"end":{"line":55,"column":30}},{"start":{"line":56,"column":4},"end":{"line":56,"column":22}}],"line":54},"7":{"loc":{"start":{"line":60,"column":8},"end":{"line":64,"column":9}},"type":"if","locations":[{"start":{"line":60,"column":8},"end":{"line":64,"column":9}},{"start":{},"end":{}}],"line":60},"8":{"loc":{"start":{"line":71,"column":19},"end":{"line":71,"column":78}},"type":"binary-expr","locations":[{"start":{"line":71,"column":19},"end":{"line":71,"column":30}},{"start":{"line":71,"column":34},"end":{"line":71,"column":78}}],"line":71},"9":{"loc":{"start":{"line":85,"column":2},"end":{"line":89,"column":3}},"type":"if","locations":[{"start":{"line":85,"column":2},"end":{"line":89,"column":3}},{"start":{},"end":{}}],"line":85},"10":{"loc":{"start":{"line":85,"column":6},"end":{"line":85,"column":61}},"type":"binary-expr","locations":[{"start":{"line":85,"column":6},"end":{"line":85,"column":31}},{"start":{"line":85,"column":35},"end":{"line":85,"column":61}}],"line":85},"11":{"loc":{"start":{"line":93,"column":14},"end":{"line":93,"column":47}},"type":"cond-expr","locations":[{"start":{"line":93,"column":25},"end":{"line":93,"column":42}},{"start":{"line":93,"column":45},"end":{"line":93,"column":47}}],"line":93},"12":{"loc":{"start":{"line":99,"column":6},"end":{"line":104,"column":7}},"type":"if","locations":[{"start":{"line":99,"column":6},"end":{"line":104,"column":7}},{"start":{},"end":{}}],"line":99},"13":{"loc":{"start":{"line":111,"column":10},"end":{"line":111,"column":74}},"type":"binary-expr","locations":[{"start":{"line":111,"column":10},"end":{"line":111,"column":21}},{"start":{"line":111,"column":25},"end":{"line":111,"column":74}}],"line":111},"14":{"loc":{"start":{"line":122,"column":14},"end":{"line":122,"column":47}},"type":"cond-expr","locations":[{"start":{"line":122,"column":25},"end":{"line":122,"column":42}},{"start":{"line":122,"column":45},"end":{"line":122,"column":47}}],"line":122},"15":{"loc":{"start":{"line":127,"column":6},"end":{"line":132,"column":7}},"type":"if","locations":[{"start":{"line":127,"column":6},"end":{"line":132,"column":7}},{"start":{},"end":{}}],"line":127},"16":{"loc":{"start":{"line":138,"column":17},"end":{"line":138,"column":78}},"type":"binary-expr","locations":[{"start":{"line":138,"column":17},"end":{"line":138,"column":28}},{"start":{"line":138,"column":32},"end":{"line":138,"column":78}}],"line":138},"17":{"loc":{"start":{"line":145,"column":2},"end":{"line":149,"column":3}},"type":"if","locations":[{"start":{"line":145,"column":2},"end":{"line":149,"column":3}},{"start":{},"end":{}}],"line":145},"18":{"loc":{"start":{"line":145,"column":6},"end":{"line":145,"column":61}},"type":"binary-expr","locations":[{"start":{"line":145,"column":6},"end":{"line":145,"column":31}},{"start":{"line":145,"column":35},"end":{"line":145,"column":61}}],"line":145},"19":{"loc":{"start":{"line":154,"column":6},"end":{"line":160,"column":7}},"type":"if","locations":[{"start":{"line":154,"column":6},"end":{"line":160,"column":7}},{"start":{"line":157,"column":13},"end":{"line":160,"column":7}}],"line":154}},"s":{"0":1,"1":1,"2":1,"3":1,"4":0,"5":0,"6":0,"7":0,"8":1,"9":0,"10":0,"11":0,"12":0,"13":0,"14":1,"15":0,"16":0,"17":0,"18":0,"19":0,"20":0,"21":0,"22":0,"23":0,"24":0,"25":0,"26":1,"27":0,"28":0,"29":0,"30":0,"31":0,"32":0,"33":0,"34":0,"35":0,"36":1,"37":0,"38":0,"39":0,"40":0,"41":0,"42":0,"43":0,"44":0,"45":1,"46":0,"47":0,"48":0,"49":0,"50":0,"51":0,"52":0,"53":0,"54":0,"55":0,"56":0},"f":{"0":0,"1":0,"2":0,"3":0,"4":0,"5":0,"6":0,"7":0,"8":0,"9":0,"10":0,"11":0,"12":0,"13":0,"14":0,"15":0,"16":0,"17":0},"b":{"0":[0,0],"1":[0,0],"2":[0,0],"3":[0,0],"4":[0,0],"5":[0,0],"6":[0,0,0],"7":[0,0],"8":[0,0],"9":[0,0],"10":[0,0],"11":[0,0],"12":[0,0],"13":[0,0],"14":[0,0],"15":[0,0],"16":[0,0],"17":[0,0],"18":[0,0],"19":[0,0]},"_coverageSchema":"1a1c01bbd47fc00a2c39e90264f33305004495a9","hash":"4019464eee6984eea20e29463e6cacd81ccd3c55"}
,"C:\\Users\\DAW\\Desktop\\Cafeteria\\The_Cafeteria\\API_RESTFULL\\backend\\controllers\\course.controller.js": {"path":"C:\\Users\\DAW\\Desktop\\Cafeteria\\The_Cafeteria\\API_RESTFULL\\backend\\controllers\\course.controller.js","statementMap":{"0":{"start":{"line":1,"column":11},"end":{"line":1,"column":31}},"1":{"start":{"line":2,"column":15},"end":{"line":2,"column":24}},"2":{"start":{"line":4,"column":0},"end":{"line":38,"column":2}},"3":{"start":{"line":11,"column":2},"end":{"line":15,"column":3}},"4":{"start":{"line":12,"column":4},"end":{"line":14,"column":7}},"5":{"start":{"line":17,"column":2},"end":{"line":23,"column":3}},"6":{"start":{"line":18,"column":4},"end":{"line":20,"column":7}},"7":{"start":{"line":22,"column":4},"end":{"line":22,"column":11}},"8":{"start":{"line":25,"column":19},"end":{"line":27,"column":3}},"9":{"start":{"line":29,"column":2},"end":{"line":37,"column":4}},"10":{"start":{"line":31,"column":4},"end":{"line":31,"column":39}},"11":{"start":{"line":34,"column":4},"end":{"line":36,"column":6}},"12":{"start":{"line":39,"column":0},"end":{"line":55,"column":1}},"13":{"start":{"line":40,"column":2},"end":{"line":54,"column":4}},"14":{"start":{"line":42,"column":4},"end":{"line":46,"column":5}},"15":{"start":{"line":43,"column":6},"end":{"line":45,"column":8}},"16":{"start":{"line":47,"column":4},"end":{"line":47,"column":22}},"17":{"start":{"line":50,"column":4},"end":{"line":53,"column":6}},"18":{"start":{"line":58,"column":0},"end":{"line":75,"column":2}},"19":{"start":{"line":59,"column":13},"end":{"line":59,"column":26}},"20":{"start":{"line":61,"column":2},"end":{"line":74,"column":5}},"21":{"start":{"line":63,"column":4},"end":{"line":67,"column":5}},"22":{"start":{"line":64,"column":6},"end":{"line":66,"column":9}},"23":{"start":{"line":68,"column":4},"end":{"line":68,"column":21}},"24":{"start":{"line":71,"column":4},"end":{"line":73,"column":7}},"25":{"start":{"line":76,"column":0},"end":{"line":109,"column":1}},"26":{"start":{"line":77,"column":13},"end":{"line":77,"column":26}},"27":{"start":{"line":79,"column":2},"end":{"line":83,"column":3}},"28":{"start":{"line":80,"column":4},"end":{"line":82,"column":6}},"29":{"start":{"line":85,"column":2},"end":{"line":89,"column":3}},"30":{"start":{"line":86,"column":4},"end":{"line":88,"column":7}},"31":{"start":{"line":91,"column":23},"end":{"line":93,"column":3}},"32":{"start":{"line":95,"column":2},"end":{"line":108,"column":3}},"33":{"start":{"line":97,"column":4},"end":{"line":101,"column":5}},"34":{"start":{"line":98,"column":6},"end":{"line":100,"column":8}},"35":{"start":{"line":102,"column":4},"end":{"line":102,"column":58}},"36":{"start":{"line":105,"column":4},"end":{"line":107,"column":6}},"37":{"start":{"line":110,"column":0},"end":{"line":134,"column":1}},"38":{"start":{"line":111,"column":13},"end":{"line":111,"column":26}},"39":{"start":{"line":113,"column":2},"end":{"line":117,"column":3}},"40":{"start":{"line":114,"column":4},"end":{"line":116,"column":7}},"41":{"start":{"line":119,"column":2},"end":{"line":133,"column":3}},"42":{"start":{"line":121,"column":4},"end":{"line":127,"column":5}},"43":{"start":{"line":122,"column":6},"end":{"line":122,"column":64}},"44":{"start":{"line":124,"column":6},"end":{"line":126,"column":9}},"45":{"start":{"line":130,"column":4},"end":{"line":132,"column":6}}},"fnMap":{"0":{"name":"(anonymous_0)","decl":{"start":{"line":4,"column":17},"end":{"line":4,"column":18}},"loc":{"start":{"line":4,"column":31},"end":{"line":38,"column":1}},"line":4},"1":{"name":"(anonymous_1)","decl":{"start":{"line":30,"column":8},"end":{"line":30,"column":9}},"loc":{"start":{"line":30,"column":20},"end":{"line":32,"column":3}},"line":30},"2":{"name":"(anonymous_2)","decl":{"start":{"line":33,"column":9},"end":{"line":33,"column":10}},"loc":{"start":{"line":34,"column":4},"end":{"line":36,"column":6}},"line":34},"3":{"name":"(anonymous_3)","decl":{"start":{"line":39,"column":18},"end":{"line":39,"column":19}},"loc":{"start":{"line":39,"column":38},"end":{"line":55,"column":1}},"line":39},"4":{"name":"(anonymous_4)","decl":{"start":{"line":41,"column":8},"end":{"line":41,"column":9}},"loc":{"start":{"line":41,"column":19},"end":{"line":48,"column":3}},"line":41},"5":{"name":"(anonymous_5)","decl":{"start":{"line":49,"column":9},"end":{"line":49,"column":10}},"loc":{"start":{"line":49,"column":16},"end":{"line":54,"column":3}},"line":49},"6":{"name":"(anonymous_6)","decl":{"start":{"line":58,"column":18},"end":{"line":58,"column":19}},"loc":{"start":{"line":58,"column":32},"end":{"line":75,"column":1}},"line":58},"7":{"name":"(anonymous_7)","decl":{"start":{"line":62,"column":8},"end":{"line":62,"column":9}},"loc":{"start":{"line":62,"column":20},"end":{"line":69,"column":3}},"line":62},"8":{"name":"(anonymous_8)","decl":{"start":{"line":70,"column":9},"end":{"line":70,"column":10}},"loc":{"start":{"line":70,"column":18},"end":{"line":74,"column":3}},"line":70},"9":{"name":"(anonymous_9)","decl":{"start":{"line":76,"column":17},"end":{"line":76,"column":18}},"loc":{"start":{"line":76,"column":31},"end":{"line":109,"column":1}},"line":76},"10":{"name":"(anonymous_10)","decl":{"start":{"line":96,"column":8},"end":{"line":96,"column":9}},"loc":{"start":{"line":96,"column":27},"end":{"line":103,"column":3}},"line":96},"11":{"name":"(anonymous_11)","decl":{"start":{"line":104,"column":9},"end":{"line":104,"column":10}},"loc":{"start":{"line":105,"column":4},"end":{"line":107,"column":6}},"line":105},"12":{"name":"(anonymous_12)","decl":{"start":{"line":110,"column":17},"end":{"line":110,"column":18}},"loc":{"start":{"line":110,"column":31},"end":{"line":134,"column":1}},"line":110},"13":{"name":"(anonymous_13)","decl":{"start":{"line":120,"column":8},"end":{"line":120,"column":9}},"loc":{"start":{"line":120,"column":27},"end":{"line":128,"column":3}},"line":120},"14":{"name":"(anonymous_14)","decl":{"start":{"line":129,"column":9},"end":{"line":129,"column":10}},"loc":{"start":{"line":130,"column":4},"end":{"line":132,"column":6}},"line":130}},"branchMap":{"0":{"loc":{"start":{"line":11,"column":2},"end":{"line":15,"column":3}},"type":"if","locations":[{"start":{"line":11,"column":2},"end":{"line":15,"column":3}},{"start":{},"end":{}}],"line":11},"1":{"loc":{"start":{"line":11,"column":6},"end":{"line":11,"column":44}},"type":"binary-expr","locations":[{"start":{"line":11,"column":6},"end":{"line":11,"column":15}},{"start":{"line":11,"column":19},"end":{"line":11,"column":44}}],"line":11},"2":{"loc":{"start":{"line":17,"column":2},"end":{"line":23,"column":3}},"type":"if","locations":[{"start":{"line":17,"column":2},"end":{"line":23,"column":3}},{"start":{},"end":{}}],"line":17},"3":{"loc":{"start":{"line":35,"column":15},"end":{"line":35,"column":68}},"type":"binary-expr","locations":[{"start":{"line":35,"column":15},"end":{"line":35,"column":53}},{"start":{"line":35,"column":57},"end":{"line":35,"column":68}}],"line":35},"4":{"loc":{"start":{"line":42,"column":4},"end":{"line":46,"column":5}},"type":"if","locations":[{"start":{"line":42,"column":4},"end":{"line":46,"column":5}},{"start":{},"end":{}}],"line":42},"5":{"loc":{"start":{"line":52,"column":8},"end":{"line":52,"column":71}},"type":"binary-expr","locations":[{"start":{"line":52,"column":8},"end":{"line":52,"column":19}},{"start":{"line":52,"column":23},"end":{"line":52,"column":71}}],"line":52},"6":{"loc":{"start":{"line":63,"column":4},"end":{"line":67,"column":5}},"type":"if","locations":[{"start":{"line":63,"column":4},"end":{"line":67,"column":5}},{"start":{},"end":{}}],"line":63},"7":{"loc":{"start":{"line":79,"column":2},"end":{"line":83,"column":3}},"type":"if","locations":[{"start":{"line":79,"column":2},"end":{"line":83,"column":3}},{"start":{},"end":{}}],"line":79},"8":{"loc":{"start":{"line":85,"column":2},"end":{"line":89,"column":3}},"type":"if","locations":[{"start":{"line":85,"column":2},"end":{"line":89,"column":3}},{"start":{},"end":{}}],"line":85},"9":{"loc":{"start":{"line":97,"column":4},"end":{"line":101,"column":5}},"type":"if","locations":[{"start":{"line":97,"column":4},"end":{"line":101,"column":5}},{"start":{},"end":{}}],"line":97},"10":{"loc":{"start":{"line":106,"column":15},"end":{"line":106,"column":72}},"type":"binary-expr","locations":[{"start":{"line":106,"column":15},"end":{"line":106,"column":57}},{"start":{"line":106,"column":61},"end":{"line":106,"column":72}}],"line":106},"11":{"loc":{"start":{"line":113,"column":2},"end":{"line":117,"column":3}},"type":"if","locations":[{"start":{"line":113,"column":2},"end":{"line":117,"column":3}},{"start":{},"end":{}}],"line":113},"12":{"loc":{"start":{"line":121,"column":4},"end":{"line":127,"column":5}},"type":"if","locations":[{"start":{"line":121,"column":4},"end":{"line":127,"column":5}},{"start":{"line":123,"column":11},"end":{"line":127,"column":5}}],"line":121}},"s":{"0":1,"1":1,"2":1,"3":0,"4":0,"5":0,"6":0,"7":0,"8":0,"9":0,"10":0,"11":0,"12":1,"13":0,"14":0,"15":0,"16":0,"17":0,"18":1,"19":0,"20":0,"21":0,"22":0,"23":0,"24":0,"25":1,"26":0,"27":0,"28":0,"29":0,"30":0,"31":0,"32":0,"33":0,"34":0,"35":0,"36":0,"37":1,"38":0,"39":0,"40":0,"41":0,"42":0,"43":0,"44":0,"45":0},"f":{"0":0,"1":0,"2":0,"3":0,"4":0,"5":0,"6":0,"7":0,"8":0,"9":0,"10":0,"11":0,"12":0,"13":0,"14":0},"b":{"0":[0,0],"1":[0,0],"2":[0,0],"3":[0,0],"4":[0,0],"5":[0,0],"6":[0,0],"7":[0,0],"8":[0,0],"9":[0,0],"10":[0,0],"11":[0,0],"12":[0,0]},"_coverageSchema":"1a1c01bbd47fc00a2c39e90264f33305004495a9","hash":"48df3fe3a7c450a83da94f3c13309db9370ee314"}
,"C:\\Users\\DAW\\Desktop\\Cafeteria\\The_Cafeteria\\API_RESTFULL\\backend\\controllers\\order.controller.js": {"path":"C:\\Users\\DAW\\Desktop\\Cafeteria\\The_Cafeteria\\API_RESTFULL\\backend\\controllers\\order.controller.js","statementMap":{"0":{"start":{"line":1,"column":11},"end":{"line":1,"column":31}},"1":{"start":{"line":2,"column":14},"end":{"line":2,"column":22}},"2":{"start":{"line":3,"column":15},"end":{"line":3,"column":24}},"3":{"start":{"line":5,"column":0},"end":{"line":40,"column":2}},"4":{"start":{"line":6,"column":15},"end":{"line":6,"column":25}},"5":{"start":{"line":7,"column":14},"end":{"line":7,"column":28}},"6":{"start":{"line":8,"column":16},"end":{"line":8,"column":35}},"7":{"start":{"line":9,"column":15},"end":{"line":9,"column":33}},"8":{"start":{"line":11,"column":19},"end":{"line":11,"column":44}},"9":{"start":{"line":13,"column":20},"end":{"line":17,"column":3}},"10":{"start":{"line":19,"column":2},"end":{"line":39,"column":7}},"11":{"start":{"line":22,"column":6},"end":{"line":22,"column":106}},"12":{"start":{"line":25,"column":6},"end":{"line":29,"column":7}},"13":{"start":{"line":26,"column":8},"end":{"line":28,"column":11}},"14":{"start":{"line":30,"column":6},"end":{"line":32,"column":9}},"15":{"start":{"line":35,"column":6},"end":{"line":35,"column":25}},"16":{"start":{"line":36,"column":6},"end":{"line":38,"column":9}},"17":{"start":{"line":43,"column":0},"end":{"line":59,"column":2}},"18":{"start":{"line":45,"column":2},"end":{"line":58,"column":6}},"19":{"start":{"line":47,"column":6},"end":{"line":51,"column":7}},"20":{"start":{"line":48,"column":8},"end":{"line":50,"column":11}},"21":{"start":{"line":52,"column":6},"end":{"line":52,"column":23}},"22":{"start":{"line":55,"column":6},"end":{"line":57,"column":8}},"23":{"start":{"line":62,"column":0},"end":{"line":79,"column":2}},"24":{"start":{"line":63,"column":13},"end":{"line":63,"column":34}},"25":{"start":{"line":65,"column":2},"end":{"line":78,"column":6}},"26":{"start":{"line":67,"column":6},"end":{"line":71,"column":7}},"27":{"start":{"line":68,"column":8},"end":{"line":70,"column":11}},"28":{"start":{"line":72,"column":6},"end":{"line":72,"column":23}},"29":{"start":{"line":75,"column":6},"end":{"line":77,"column":8}},"30":{"start":{"line":81,"column":0},"end":{"line":98,"column":2}},"31":{"start":{"line":82,"column":13},"end":{"line":82,"column":34}},"32":{"start":{"line":84,"column":2},"end":{"line":97,"column":6}},"33":{"start":{"line":86,"column":6},"end":{"line":90,"column":7}},"34":{"start":{"line":87,"column":8},"end":{"line":89,"column":11}},"35":{"start":{"line":91,"column":6},"end":{"line":91,"column":22}},"36":{"start":{"line":94,"column":6},"end":{"line":96,"column":8}},"37":{"start":{"line":100,"column":0},"end":{"line":119,"column":1}},"38":{"start":{"line":101,"column":13},"end":{"line":101,"column":24}},"39":{"start":{"line":103,"column":2},"end":{"line":118,"column":5}},"40":{"start":{"line":105,"column":6},"end":{"line":109,"column":7}},"41":{"start":{"line":106,"column":8},"end":{"line":108,"column":11}},"42":{"start":{"line":110,"column":6},"end":{"line":112,"column":9}},"43":{"start":{"line":115,"column":6},"end":{"line":117,"column":8}}},"fnMap":{"0":{"name":"(anonymous_0)","decl":{"start":{"line":5,"column":17},"end":{"line":5,"column":18}},"loc":{"start":{"line":5,"column":31},"end":{"line":40,"column":1}},"line":5},"1":{"name":"(anonymous_1)","decl":{"start":{"line":20,"column":10},"end":{"line":20,"column":11}},"loc":{"start":{"line":20,"column":21},"end":{"line":23,"column":5}},"line":20},"2":{"name":"(anonymous_2)","decl":{"start":{"line":24,"column":10},"end":{"line":24,"column":11}},"loc":{"start":{"line":24,"column":22},"end":{"line":33,"column":5}},"line":24},"3":{"name":"(anonymous_3)","decl":{"start":{"line":34,"column":11},"end":{"line":34,"column":12}},"loc":{"start":{"line":34,"column":20},"end":{"line":39,"column":5}},"line":34},"4":{"name":"(anonymous_4)","decl":{"start":{"line":43,"column":18},"end":{"line":43,"column":19}},"loc":{"start":{"line":43,"column":32},"end":{"line":59,"column":1}},"line":43},"5":{"name":"(anonymous_5)","decl":{"start":{"line":46,"column":10},"end":{"line":46,"column":11}},"loc":{"start":{"line":46,"column":22},"end":{"line":53,"column":5}},"line":46},"6":{"name":"(anonymous_6)","decl":{"start":{"line":54,"column":11},"end":{"line":54,"column":12}},"loc":{"start":{"line":55,"column":6},"end":{"line":57,"column":8}},"line":55},"7":{"name":"(anonymous_7)","decl":{"start":{"line":62,"column":27},"end":{"line":62,"column":28}},"loc":{"start":{"line":62,"column":41},"end":{"line":79,"column":1}},"line":62},"8":{"name":"(anonymous_8)","decl":{"start":{"line":66,"column":10},"end":{"line":66,"column":11}},"loc":{"start":{"line":66,"column":22},"end":{"line":73,"column":5}},"line":66},"9":{"name":"(anonymous_9)","decl":{"start":{"line":74,"column":11},"end":{"line":74,"column":12}},"loc":{"start":{"line":75,"column":6},"end":{"line":77,"column":8}},"line":75},"10":{"name":"(anonymous_10)","decl":{"start":{"line":81,"column":18},"end":{"line":81,"column":19}},"loc":{"start":{"line":81,"column":32},"end":{"line":98,"column":1}},"line":81},"11":{"name":"(anonymous_11)","decl":{"start":{"line":85,"column":10},"end":{"line":85,"column":11}},"loc":{"start":{"line":85,"column":21},"end":{"line":92,"column":5}},"line":85},"12":{"name":"(anonymous_12)","decl":{"start":{"line":93,"column":11},"end":{"line":93,"column":12}},"loc":{"start":{"line":94,"column":6},"end":{"line":96,"column":8}},"line":94},"13":{"name":"(anonymous_13)","decl":{"start":{"line":100,"column":17},"end":{"line":100,"column":18}},"loc":{"start":{"line":100,"column":31},"end":{"line":119,"column":1}},"line":100},"14":{"name":"(anonymous_14)","decl":{"start":{"line":104,"column":10},"end":{"line":104,"column":11}},"loc":{"start":{"line":104,"column":28},"end":{"line":113,"column":5}},"line":104},"15":{"name":"(anonymous_15)","decl":{"start":{"line":114,"column":11},"end":{"line":114,"column":12}},"loc":{"start":{"line":115,"column":6},"end":{"line":117,"column":8}},"line":115}},"branchMap":{"0":{"loc":{"start":{"line":25,"column":6},"end":{"line":29,"column":7}},"type":"if","locations":[{"start":{"line":25,"column":6},"end":{"line":29,"column":7}},{"start":{},"end":{}}],"line":25},"1":{"loc":{"start":{"line":47,"column":6},"end":{"line":51,"column":7}},"type":"if","locations":[{"start":{"line":47,"column":6},"end":{"line":51,"column":7}},{"start":{},"end":{}}],"line":47},"2":{"loc":{"start":{"line":56,"column":17},"end":{"line":56,"column":78}},"type":"binary-expr","locations":[{"start":{"line":56,"column":17},"end":{"line":56,"column":28}},{"start":{"line":56,"column":32},"end":{"line":56,"column":78}}],"line":56},"3":{"loc":{"start":{"line":67,"column":6},"end":{"line":71,"column":7}},"type":"if","locations":[{"start":{"line":67,"column":6},"end":{"line":71,"column":7}},{"start":{},"end":{}}],"line":67},"4":{"loc":{"start":{"line":76,"column":17},"end":{"line":76,"column":78}},"type":"binary-expr","locations":[{"start":{"line":76,"column":17},"end":{"line":76,"column":28}},{"start":{"line":76,"column":32},"end":{"line":76,"column":78}}],"line":76},"5":{"loc":{"start":{"line":86,"column":6},"end":{"line":90,"column":7}},"type":"if","locations":[{"start":{"line":86,"column":6},"end":{"line":90,"column":7}},{"start":{},"end":{}}],"line":86},"6":{"loc":{"start":{"line":95,"column":17},"end":{"line":95,"column":78}},"type":"binary-expr","locations":[{"start":{"line":95,"column":17},"end":{"line":95,"column":28}},{"start":{"line":95,"column":32},"end":{"line":95,"column":78}}],"line":95},"7":{"loc":{"start":{"line":105,"column":6},"end":{"line":109,"column":7}},"type":"if","locations":[{"start":{"line":105,"column":6},"end":{"line":109,"column":7}},{"start":{},"end":{}}],"line":105},"8":{"loc":{"start":{"line":116,"column":17},"end":{"line":116,"column":56}},"type":"binary-expr","locations":[{"start":{"line":116,"column":17},"end":{"line":116,"column":41}},{"start":{"line":116,"column":45},"end":{"line":116,"column":56}}],"line":116}},"s":{"0":1,"1":1,"2":1,"3":1,"4":0,"5":0,"6":0,"7":0,"8":0,"9":0,"10":0,"11":0,"12":0,"13":0,"14":0,"15":0,"16":0,"17":1,"18":0,"19":0,"20":0,"21":0,"22":0,"23":1,"24":0,"25":0,"26":0,"27":0,"28":0,"29":0,"30":1,"31":0,"32":0,"33":0,"34":0,"35":0,"36":0,"37":1,"38":0,"39":0,"40":0,"41":0,"42":0,"43":0},"f":{"0":0,"1":0,"2":0,"3":0,"4":0,"5":0,"6":0,"7":0,"8":0,"9":0,"10":0,"11":0,"12":0,"13":0,"14":0,"15":0},"b":{"0":[0,0],"1":[0,0],"2":[0,0],"3":[0,0],"4":[0,0],"5":[0,0],"6":[0,0],"7":[0,0],"8":[0,0]},"_coverageSchema":"1a1c01bbd47fc00a2c39e90264f33305004495a9","hash":"79ae0a511c5c9a927c27254796bd79bc4ff9d742"}
,"C:\\Users\\DAW\\Desktop\\Cafeteria\\The_Cafeteria\\API_RESTFULL\\backend\\controllers\\product.controller.js": {"path":"C:\\Users\\DAW\\Desktop\\Cafeteria\\The_Cafeteria\\API_RESTFULL\\backend\\controllers\\product.controller.js","statementMap":{"0":{"start":{"line":1,"column":11},"end":{"line":1,"column":31}},"1":{"start":{"line":2,"column":16},"end":{"line":2,"column":26}},"2":{"start":{"line":4,"column":0},"end":{"line":19,"column":2}},"3":{"start":{"line":5,"column":1},"end":{"line":18,"column":4}},"4":{"start":{"line":7,"column":3},"end":{"line":11,"column":4}},"5":{"start":{"line":8,"column":4},"end":{"line":10,"column":7}},"6":{"start":{"line":12,"column":3},"end":{"line":12,"column":22}},"7":{"start":{"line":15,"column":3},"end":{"line":17,"column":5}},"8":{"start":{"line":21,"column":0},"end":{"line":42,"column":1}},"9":{"start":{"line":22,"column":20},"end":{"line":28,"column":3}},"10":{"start":{"line":30,"column":2},"end":{"line":41,"column":5}},"11":{"start":{"line":31,"column":19},"end":{"line":35,"column":5}},"12":{"start":{"line":37,"column":4},"end":{"line":40,"column":6}},"13":{"start":{"line":45,"column":0},"end":{"line":63,"column":2}},"14":{"start":{"line":46,"column":21},"end":{"line":46,"column":42}},"15":{"start":{"line":48,"column":2},"end":{"line":62,"column":7}},"16":{"start":{"line":50,"column":6},"end":{"line":54,"column":7}},"17":{"start":{"line":51,"column":8},"end":{"line":53,"column":11}},"18":{"start":{"line":55,"column":6},"end":{"line":55,"column":25}},"19":{"start":{"line":58,"column":6},"end":{"line":61,"column":9}},"20":{"start":{"line":65,"column":0},"end":{"line":83,"column":2}},"21":{"start":{"line":66,"column":21},"end":{"line":66,"column":42}},"22":{"start":{"line":68,"column":2},"end":{"line":82,"column":7}},"23":{"start":{"line":70,"column":6},"end":{"line":74,"column":7}},"24":{"start":{"line":71,"column":8},"end":{"line":73,"column":11}},"25":{"start":{"line":75,"column":6},"end":{"line":75,"column":25}},"26":{"start":{"line":78,"column":6},"end":{"line":81,"column":9}},"27":{"start":{"line":85,"column":0},"end":{"line":98,"column":2}},"28":{"start":{"line":86,"column":16},"end":{"line":86,"column":29}},"29":{"start":{"line":88,"column":2},"end":{"line":97,"column":6}},"30":{"start":{"line":90,"column":6},"end":{"line":90,"column":24}},"31":{"start":{"line":91,"column":6},"end":{"line":91,"column":22}},"32":{"start":{"line":94,"column":6},"end":{"line":96,"column":8}},"33":{"start":{"line":100,"column":0},"end":{"line":117,"column":2}},"34":{"start":{"line":101,"column":13},"end":{"line":101,"column":34}},"35":{"start":{"line":103,"column":2},"end":{"line":116,"column":7}},"36":{"start":{"line":105,"column":6},"end":{"line":109,"column":7}},"37":{"start":{"line":106,"column":8},"end":{"line":108,"column":11}},"38":{"start":{"line":110,"column":6},"end":{"line":110,"column":25}},"39":{"start":{"line":113,"column":6},"end":{"line":115,"column":9}},"40":{"start":{"line":119,"column":0},"end":{"line":147,"column":2}},"41":{"start":{"line":120,"column":13},"end":{"line":120,"column":26}},"42":{"start":{"line":122,"column":2},"end":{"line":124,"column":3}},"43":{"start":{"line":123,"column":4},"end":{"line":123,"column":80}},"44":{"start":{"line":126,"column":17},"end":{"line":131,"column":3}},"45":{"start":{"line":133,"column":1},"end":{"line":146,"column":5}},"46":{"start":{"line":135,"column":3},"end":{"line":139,"column":4}},"47":{"start":{"line":136,"column":4},"end":{"line":138,"column":7}},"48":{"start":{"line":140,"column":3},"end":{"line":140,"column":62}},"49":{"start":{"line":143,"column":3},"end":{"line":145,"column":6}},"50":{"start":{"line":149,"column":0},"end":{"line":165,"column":2}},"51":{"start":{"line":150,"column":13},"end":{"line":150,"column":26}},"52":{"start":{"line":152,"column":2},"end":{"line":164,"column":6}},"53":{"start":{"line":154,"column":6},"end":{"line":158,"column":7}},"54":{"start":{"line":155,"column":8},"end":{"line":155,"column":78}},"55":{"start":{"line":157,"column":8},"end":{"line":157,"column":64}},"56":{"start":{"line":161,"column":6},"end":{"line":163,"column":8}}},"fnMap":{"0":{"name":"(anonymous_0)","decl":{"start":{"line":4,"column":18},"end":{"line":4,"column":19}},"loc":{"start":{"line":4,"column":32},"end":{"line":19,"column":1}},"line":4},"1":{"name":"(anonymous_1)","decl":{"start":{"line":6,"column":8},"end":{"line":6,"column":9}},"loc":{"start":{"line":6,"column":20},"end":{"line
[...]
,"C:\\Users\\DAW\\Desktop\\Cafeteria\\The_Cafeteria\\API_RESTFULL\\backend\\models\\wallet.model.js": {"path":"C:\\Users\\DAW\\Desktop\\Cafeteria\\The_Cafeteria\\API_RESTFULL\\backend\\models\\wallet.model.js","statementMap":{"0":{"start":{"line":1,"column":22},"end":{"line":1,"column":42}},"1":{"start":{"line":2,"column":22},"end":{"line":2,"column":34}},"2":{"start":{"line":4,"column":0},"end":{"line":17,"column":2}},"3":{"start":{"line":5,"column":17},"end":{"line":15,"column":3}},"4":{"start":{"line":16,"column":2},"end":{"line":16,"column":16}}},"fnMap":{"0":{"name":"(anonymous_0)","decl":{"start":{"line":4,"column":17},"end":{"line":4,"column":18}},"loc":{"start":{"line":4,"column":32},"end":{"line":17,"column":1}},"line":4}},"branchMap":{},"s":{"0":1,"1":1,"2":1,"3":1,"4":1},"f":{"0":1},"b":{},"_coverageSchema":"1a1c01bbd47fc00a2c39e90264f33305004495a9","hash":"7efff9eab57e8b208a5bf9bcc9b90efcc439a3c0"}
,"C:\\Users\\DAW\\Desktop\\Cafeteria\\The_Cafeteria\\API_RESTFULL\\backend\\models\\worker.model.js": {"path":"C:\\Users\\DAW\\Desktop\\Cafeteria\\The_Cafeteria\\API_RESTFULL\\backend\\models\\worker.model.js","statementMap":{"0":{"start":{"line":1,"column":22},"end":{"line":1,"column":42}},"1":{"start":{"line":3,"column":0},"end":{"line":31,"column":2}},"2":{"start":{"line":4,"column":17},"end":{"line":28,"column":4}},"3":{"start":{"line":30,"column":2},"end":{"line":30,"column":16}}},"fnMap":{"0":{"name":"(anonymous_0)","decl":{"start":{"line":3,"column":17},"end":{"line":3,"column":18}},"loc":{"start":{"line":3,"column":32},"end":{"line":31,"column":1}},"line":3}},"branchMap":{},"s":{"0":1,"1":1,"2":1,"3":1},"f":{"0":1},"b":{},"_coverageSchema":"1a1c01bbd47fc00a2c39e90264f33305004495a9","hash":"cdc4bc259499c688f8a3429b8f83c26c13237611"}
,"C:\\Users\\DAW\\Desktop\\Cafeteria\\The_Cafeteria\\API_RESTFULL\\backend\\multer\\upload.js": {"path":"C:\\Users\\DAW\\Desktop\\Cafeteria\\The_Cafeteria\\API_RESTFULL\\backend\\multer\\upload.js","statementMap":{"0":{"start":{"line":1,"column":13},"end":{"line":1,"column":30}},"1":{"start":{"line":3,"column":14},"end":{"line":33,"column":2}},"2":{"start":{"line":6,"column":27},"end":{"line":6,"column":48}},"3":{"start":{"line":8,"column":8},"end":{"line":8,"column":47}},"4":{"start":{"line":9,"column":8},"end":{"line":9,"column":46}},"5":{"start":{"line":11,"column":8},"end":{"line":11,"column":38}},"6":{"start":{"line":14,"column":23},"end":{"line":14,"column":25}},"7":{"start":{"line":15,"column":8},"end":{"line":17,"column":9}},"8":{"start":{"line":16,"column":12},"end":{"line":16,"column":29}},"9":{"start":{"line":18,"column":8},"end":{"line":20,"column":9}},"10":{"start":{"line":19,"column":12},"end":{"line":19,"column":29}},"11":{"start":{"line":21,"column":8},"end":{"line":23,"column":9}},"12":{"start":{"line":22,"column":12},"end":{"line":22,"column":30}},"13":{"start":{"line":24,"column":8},"end":{"line":26,"column":9}},"14":{"start":{"line":25,"column":12},"end":{"line":25,"column":29}},"15":{"start":{"line":27,"column":8},"end":{"line":29,"column":9}},"16":{"start":{"line":28,"column":12},"end":{"line":28,"column":30}},"17":{"start":{"line":31,"column":8},"end":{"line":31,"column":57}},"18":{"start":{"line":35,"column":13},"end":{"line":35,"column":39}},"19":{"start":{"line":37,"column":0},"end":{"line":37,"column":24}}},"fnMap":{"0":{"name":"(anonymous_0)","decl":{"start":{"line":4,"column":17},"end":{"line":4,"column":18}},"loc":{"start":{"line":4,"column":36},"end":{"line":12,"column":5}},"line":4},"1":{"name":"(anonymous_1)","decl":{"start":{"line":13,"column":14},"end":{"line":13,"column":15}},"loc":{"start":{"line":13,"column":33},"end":{"line":32,"column":5}},"line":13}},"branchMap":{"0":{"loc":{"start":{"line":15,"column":8},"end":{"line":17,"column":9}},"type":"if","locations":[{"start":{"line":15,"column":8},"end":{"line":17,"column":9}},{"start":{},"end":{}}],"line":15},"1":{"loc":{"start":{"line":18,"column":8},"end":{"line":20,"column":9}},"type":"if","locations":[{"start":{"line":18,"column":8},"end":{"line":20,"column":9}},{"start":{},"end":{}}],"line":18},"2":{"loc":{"start":{"line":21,"column":8},"end":{"line":23,"column":9}},"type":"if","locations":[{"start":{"line":21,"column":8},"end":{"line":23,"column":9}},{"start":{},"end":{}}],"line":21},"3":{"loc":{"start":{"line":24,"column":8},"end":{"line":26,"column":9}},"type":"if","locations":[{"start":{"line":24,"column":8},"end":{"line":26,"column":9}},{"start":{},"end":{}}],"line":24},"4":{"loc":{"start":{"line":27,"column":8},"end":{"line":29,"column":9}},"type":"if","locations":[{"start":{"line":27,"column":8},"end":{"line":29,"column":9}},{"start":{},"end":{}}],"line":27}},"s":{"0":1,"1":1,"2":0,"3":0,"4":0,"5":0,"6":0,"7":0,"8":0,"9":0,"10":0,"11":0,"12":0,"13":0,"14":0,"15":0,"16":0,"17":0,"18":1,"19":1},"f":{"0":0,"1":0},"b":{"0":[0,0],"1":[0,0],"2":[0,0],"3":[0,0],"4":[0,0]},"_coverageSchema":"1a1c01bbd47fc00a2c39e90264f33305004495a9","hash":"f87bcee68846e75ea5c0c9dbbe5f04bb1b86caa7"}
,"C:\\Users\\DAW\\Desktop\\Cafeteria\\The_Cafeteria\\API_RESTFULL\\backend\\routes\\admin.routes.js": {"path":"C:\\Users\\DAW\\Desktop\\Cafeteria\\The_Cafeteria\\API_RESTFULL\\backend\\routes\\admin.routes.js","statementMap":{"0":{"start":{"line":1,"column":0},"end":{"line":29,"column":2}},"1":{"start":{"line":2,"column":16},"end":{"line":2,"column":61}},"2":{"start":{"line":3,"column":15},"end":{"line":3,"column":48}},"3":{"start":{"line":4,"column":15},"end":{"line":4,"column":45}},"4":{"start":{"line":6,"column":15},"end":{"line":6,"column":42}},"5":{"start":{"line":9,"column":2},"end":{"line":9,"column":33}},"6":{"start":{"line":12,"column":2},"end":{"line":12,"column":74}},"7":{"start":{"line":14,"column":2},"end":{"line":14,"column":68}},"8":{"start":{"line":17,"column":2},"end":{"line":17,"column":33}},"9":{"start":{"line":20,"column":2},"end":{"line":20,"column":58}},"10":{"start":{"line":23,"column":2},"end":{"line":23,"column":57}},"11":{"start":{"line":26,"column":2},"end":{"line":26,"column":60}},"12":{"start":{"line":28,"column":2},"end":{"line":28,"column":32}}},"fnMap":{"0":{"name":"(anonymous_0)","decl":{"start":{"line":1,"column":17},"end":{"line":1,"column":18}},"loc":{"start":{"line":1,"column":26},"end":{"line":29,"column":1}},"line":1}},"branchMap":{},"s":{"0":1,"1":1,"2":1,"3":1,"4":1,"5":1,"6":1,"7":1,"8":1,"9":1,"10":1,"11":1,"12":1},"f":{"0":1},"b":{},"_coverageSchema":"1a1c01bbd47fc00a2c39e90264f33305004495a9","hash":"eaa7e3932e327c6fa75e1130a6089b03b0fd4c22"}
,"C:\\Users\\DAW\\Desktop\\Cafeteria\\The_Cafeteria\\API_RESTFULL\\backend\\routes\\categories.routes.js": {"path":"C:\\Users\\DAW\\Desktop\\Cafeteria\\The_Cafeteria\\API_RESTFULL\\backend\\routes\\categories.routes.js","statementMap":{"0":{"start":{"line":1,"column":0},"end":{"line":24,"column":2}},"1":{"start":{"line":2,"column":23},"end":{"line":2,"column":73}},"2":{"start":{"line":3,"column":17},"end":{"line":3,"column":50}},"3":{"start":{"line":5,"column":17},"end":{"line":5,"column":44}},"4":{"start":{"line":8,"column":4},"end":{"line":8,"column":63}},"5":{"start":{"line":11,"column":4},"end":{"line":11,"column":63}},"6":{"start":{"line":14,"column":4},"end":{"line":14,"column":66}},"7":{"start":{"line":17,"column":4},"end":{"line":17,"column":65}},"8":{"start":{"line":20,"column":4},"end":{"line":20,"column":68}},"9":{"start":{"line":22,"column":4},"end":{"line":22,"column":39}}},"fnMap":{"0":{"name":"(anonymous_0)","decl":{"start":{"line":1,"column":17},"end":{"line":1,"column":18}},"loc":{"start":{"line":1,"column":24},"end":{"line":24,"column":1}},"line":1}},"branchMap":{},"s":{"0":1,"1":1,"2":1,"3":1,"4":1,"5":1,"6":1,"7":1,"8":1,"9":1},"f":{"0":1},"b":{},"_coverageSchema":"1a1c01bbd47fc00a2c39e90264f33305004495a9","hash":"dfd0704c369fef215879f608f45b28dd993415cd"}
,"C:\\Users\\DAW\\Desktop\\Cafeteria\\The_Cafeteria\\API_RESTFULL\\backend\\routes\\coffeShop.routes.js": {"path":"C:\\Users\\DAW\\Desktop\\Cafeteria\\The_Cafeteria\\API_RESTFULL\\backend\\routes\\coffeShop.routes.js","statementMap":{"0":{"start":{"line":1,"column":0},"end":{"line":27,"column":2}},"1":{"start":{"line":2,"column":22},"end":{"line":2,"column":71}},"2":{"start":{"line":3,"column":17},"end":{"line":3,"column":50}},"3":{"start":{"line":4,"column":17},"end":{"line":4,"column":47}},"4":{"start":{"line":6,"column":17},"end":{"line":6,"column":44}},"5":{"start":{"line":9,"column":4},"end":{"line":9,"column":61}},"6":{"start":{"line":12,"column":4},"end":{"line":12,"column":64}},"7":{"start":{"line":15,"column":4},"end":{"line":15,"column":61}},"8":{"start":{"line":17,"column":4},"end":{"line":17,"column":75}},"9":{"start":{"line":20,"column":4},"end":{"line":20,"column":87}},"10":{"start":{"line":23,"column":4},"end":{"line":23,"column":66}},"11":{"start":{"line":25,"column":4},"end":{"line":25,"column":38}}},"fnMap":{"0":{"name":"(anonymous_0)","decl":{"start":{"line":1,"column":17},"end":{"line":1,"column":18}},"loc":{"start":{"line":1,"column":26},"end":{"line":27,"column":1}},"line":1}},"branchMap":{},"s":{"0":1,"1":1,"2":1,"3":1,"4":1,"5":1,"6":1,"7":1,"8":1,"9":1,"10":1,"11":1},"f":{"0":1},"b":{},"_coverageSchema":"1a1c01bbd47fc00a2c39e90264f33305004495a9","hash":"76a6abf6fd5034ac6d86b22c8e18f017dae99db6"}
,"C:\\Users\\DAW\\Desktop\\Cafeteria\\The_Cafeteria\\API_RESTFULL\\backend\\routes\\course.routes.js": {"path":"C:\\Users\\DAW\\Desktop\\Cafeteria\\The_Cafeteria\\API_RESTFULL\\backend\\routes\\course.routes.js","statementMap":{"0":{"start":{"line":1,"column":0},"end":{"line":23,"column":1}},"1":{"start":{"line":2,"column":17},"end":{"line":2,"column":63}},"2":{"start":{"line":3,"column":15},"end":{"line":3,"column":48}},"3":{"start":{"line":5,"column":15},"end":{"line":5,"column":42}},"4":{"start":{"line":8,"column":2},"end":{"line":8,"column":34}},"5":{"start":{"line":11,"column":2},"end":{"line":11,"column":34}},"6":{"start":{"line":14,"column":2},"end":{"line":14,"column":59}},"7":{"start":{"line":17,"column":2},"end":{"line":17,"column":58}},"8":{"start":{"line":20,"column":2},"end":{"line":20,"column":61}},"9":{"start":{"line":22,"column":2},"end":{"line":22,"column":33}}},"fnMap":{"0":{"name":"(anonymous_0)","decl":{"start":{"line":1,"column":17},"end":{"line":1,"column":18}},"loc":{"start":{"line":1,"column":26},"end":{"line":23,"column":1}},"line":1}},"branchMap":{},"s":{"0":1,"1":1,"2":1,"3":1,"4":1,"5":1,"6":1,"7":1,"8":1,"9":1},"f":{"0":1},"b":{},"_coverageSchema":"1a1c01bbd47fc00a2c39e90264f33305004495a9","hash":"d5f678738d8e4cbdec1dd143aa7bda36e38b88c5"}
,"C:\\Users\\DAW\\Desktop\\Cafeteria\\The_Cafeteria\\API_RESTFULL\\backend\\routes\\order.routes.js": {"path":"C:\\Users\\DAW\\Desktop\\Cafeteria\\The_Cafeteria\\API_RESTFULL\\backend\\routes\\order.routes.js","statementMap":{"0":{"start":{"line":1,"column":0},"end":{"line":21,"column":1}},"1":{"start":{"line":2,"column":16},"end":{"line":2,"column":61}},"2":{"start":{"line":3,"column":14},"end":{"line":3,"column":47}},"3":{"start":{"line":4,"column":15},"end":{"line":4,"column":42}},"4":{"start":{"line":6,"column":2},"end":{"line":6,"column":55}},"5":{"start":{"line":9,"column":2},"end":{"line":9,"column":55}},"6":{"start":{"line":12,"column":2},"end":{"line":12,"column":58}},"7":{"start":{"line":15,"column":2},"end":{"line":15,"column":76}},"8":{"start":{"line":18,"column":2},"end":{"line":18,"column":57}},"9":{"start":{"line":20,"column":2},"end":{"line":20,"column":55}}},"fnMap":{"0":{"name":"(anonymous_0)","decl":{"start":{"line":1,"column":17},"end":{"line":1,"column":18}},"loc":{"start":{"line":1,"column":26},"end":{"line":21,"column":1}},"line":1}},"branchMap":{},"s":{"0":1,"1":1,"2":1,"3":1,"4":1,"5":1,"6":1,"7":1,"8":1,"9":1},"f":{"0":1},"b":{},"_coverageSchema":"1a1c01bbd47fc00a2c39e90264f33305004495a9","hash":"aaf79ab35437546c396e09ba7b829947e3967b9d"}
,"C:\\Users\\DAW\\Desktop\\Cafeteria\\The_Cafeteria\\API_RESTFULL\\backend\\routes\\product.routes.js": {"path":"C:\\Users\\DAW\\Desktop\\Cafeteria\\The_Cafeteria\\API_RESTFULL\\backend\\routes\\product.routes.js","statementMap":{"0":{"start":{"line":1,"column":0},"end":{"line":31,"column":2}},"1":{"start":{"line":2,"column":20},"end":{"line":2,"column":67}},"2":{"start":{"line":3,"column":14},"end":{"line":3,"column":47}},"3":{"start":{"line":4,"column":17},"end":{"line":4,"column":44}},"4":{"start":{"line":7,"column":4},"end":{"line":7,"column":59}},"5":{"start":{"line":10,"column":4},"end":{"line":10,"column":62}},"6":{"start":{"line":13,"column":4},"end":{"line":13,"column":58}},"7":{"start":{"line":16,"column":4},"end":{"line":16,"column":61}},"8":{"start":{"line":19,"column":4},"end":{"line":19,"column":54}},"9":{"start":{"line":22,"column":4},"end":{"line":22,"column":59}},"10":{"start":{"line":25,"column":4},"end":{"line":25,"column":61}},"11":{"start":{"line":28,"column":4},"end":{"line":28,"column":65}},"12":{"start":{"line":30,"column":4},"end":{"line":30,"column":37}}},"fnMap":{"0":{"name":"(anonymous_0)","decl":{"start":{"line":1,"column":17},"end":{"line":1,"column":18}},"loc":{"start":{"line":1,"column":26},"end":{"line":31,"column":1}},"line":1}},"branchMap":{},"s":{"0":1,"1":1,"2":1,"3":1,"4":1,"5":1,"6":1,"7":1,"8":1,"9":1,"10":1,"11":1,"12":1},"f":{"0":1},"b":{},"_coverageSchema":"1a1c01bbd47fc00a2c39e90264f33305004495a9","hash":"2901601358832d09b5666bce3a7fd192817080a5"}
,"C:\\Users\\DAW\\Desktop\\Cafeteria\\The_Cafeteria\\API_RESTFULL\\backend\\routes\\school.routes.js": {"path":"C:\\Users\\DAW\\Desktop\\Cafeteria\\The_Cafeteria\\API_RESTFULL\\backend\\routes\\school.routes.js","statementMap":{"0":{"start":{"line":1,"column":0},"end":{"line":26,"column":2}},"1":{"start":{"line":2,"column":19},"end":{"line":2,"column":65}},"2":{"start":{"line":3,"column":17},"end":{"line":3,"column":47}},"3":{"start":{"line":5,"column":17},"end":{"line":5,"column":44}},"4":{"start":{"line":9,"column":4},"end":{"line":9,"column":36}},"5":{"start":{"line":12,"column":4},"end":{"line":12,"column":36}},"6":{"start":{"line":14,"column":4},"end":{"line":14,"column":39}},"7":{"start":{"line":17,"column":4},"end":{"line":17,"column":38}},"8":{"start":{"line":22,"column":4},"end":{"line":22,"column":41}},"9":{"start":{"line":24,"column":4},"end":{"line":24,"column":36}}},"fnMap":{"0":{"name":"(anonymous_0)","decl":{"start":{"line":1,"column":17},"end":{"line":1,"column":18}},"loc":{"start":{"line":1,"column":24},"end":{"line":26,"column":1}},"line":1}},"branchMap":{},"s":{"0":1,"1":1,"2":1,"3":1,"4":1,"5":1,"6":1,"7":1,"8":1,"9":1},"f":{"0":1},"b":{},"_coverageSchema":"1a1c01bbd47fc00a2c39e90264f33305004495a9","hash":"5c1a5d2626774a937da81c0dc110e0382a168545"}
,"C:\\Users\\DAW\\Desktop\\Cafeteria\\The_Cafeteria\\API_RESTFULL\\backend\\routes\\site.routes.js": {"path":"C:\\Users\\DAW\\Desktop\\Cafeteria\\The_Cafeteria\\API_RESTFULL\\backend\\routes\\site.routes.js","statementMap":{"0":{"start":{"line":1,"column":0},"end":{"line":9,"column":1}},"1":{"start":{"line":2,"column":15},"end":{"line":2,"column":48}},"2":{"start":{"line":3,"column":15},"end":{"line":3,"column":59}},"3":{"start":{"line":4,"column":15},"end":{"line":4,"column":42}},"4":{"start":{"line":6,"column":2},"end":{"line":6,"column":32}},"5":{"start":{"line":8,"column":2},"end":{"line":8,"column":31}}},"fnMap":{"0":{"name":"(anonymous_0)","decl":{"start":{"line":1,"column":17},"end":{"line":1,"column":18}},"loc":{"start":{"line":1,"column":26},"end":{"line":9,"column":1}},"line":1}},"branchMap":{},"s":{"0":1,"1":1,"2":1,"3":1,"4":1,"5":1},"f":{"0":1},"b":{},"_coverageSchema":"1a1c01bbd47fc00a2c39e90264f33305004495a9","hash":"c09391751ba0a21cab57868f133cc08ee322ceaf"}
,"C:\\Users\\DAW\\Desktop\\Cafeteria\\The_Cafeteria\\API_RESTFULL\\backend\\routes\\student.routes.js": {"path":"C:\\Users\\DAW\\Desktop\\Cafeteria\\The_Cafeteria\\API_RESTFULL\\backend\\routes\\student.routes.js","statementMap":{"0":{"start":{"line":1,"column":0},"end":{"line":30,"column":2}},"1":{"start":{"line":2,"column":17},"end":{"line":2,"column":64}},"2":{"start":{"line":3,"column":14},"end":{"line":3,"column":47}},"3":{"start":{"line":4,"column":14},"end":{"line":4,"column":44}},"4":{"start":{"line":6,"column":14},"end":{"line":6,"column":41}},"5":{"start":{"line":11,"column":1},"end":{"line":11,"column":34}},"6":{"start":{"line":14,"column":1},"end":{"line":14,"column":56}},"7":{"start":{"line":17,"column":1},"end":{"line":17,"column":59}},"8":{"start":{"line":20,"column":1},"end":{"line":20,"column":58}},"9":{"start":{"line":23,"column":1},"end":{"line":23,"column":69}},"10":{"start":{"line":26,"column":1},"end":{"line":26,"column":61}},"11":{"start":{"line":28,"column":1},"end":{"line":28,"column":33}}},"fnMap":{"0":{"name":"(anonymous_0)","decl":{"start":{"line":1,"column":17},"end":{"line":1,"column":18}},"loc":{"start":{"line":1,"column":26},"end":{"line":30,"column":1}},"line":1}},"branchMap":{},"s":{"0":1,"1":1,"2":1,"3":1,"4":1,"5":1,"6":1,"7":1,"8":1,"9":1,"10":1,"11":1},"f":{"0":1},"b":{},"_coverageSchema":"1a1c01bbd47fc00a2c39e90264f33305004495a9","hash":"72a8bdf4ae5c15daca412aa67e76298c687e70fd"}
,"C:\\Users\\DAW\\Desktop\\Cafeteria\\The_Cafeteria\\API_RESTFULL\\backend\\routes\\wallet.routes.js": {"path":"C:\\Users\\DAW\\Desktop\\Cafeteria\\The_Cafeteria\\API_RESTFULL\\backend\\routes\\wallet.routes.js","statementMap":{"0":{"start":{"line":1,"column":0},"end":{"line":20,"column":2}},"1":{"start":{"line":2,"column":16},"end":{"line":2,"column":62}},"2":{"start":{"line":3,"column":14},"end":{"line":3,"column":47}},"3":{"start":{"line":5,"column":14},"end":{"line":5,"column":41}},"4":{"start":{"line":10,"column":1},"end":{"line":10,"column":59}},"5":{"start":{"line":13,"column":1},"end":{"line":13,"column":66}},"6":{"start":{"line":19,"column":1},"end":{"line":19,"column":32}}},"fnMap":{"0":{"name":"(anonymous_0)","decl":{"start":{"line":1,"column":17},"end":{"line":1,"column":18}},"loc":{"start":{"line":1,"column":26},"end":{"line":20,"column":1}},"line":1}},"branchMap":{},"s":{"0":1,"1":1,"2":1,"3":1,"4":1,"5":1,"6":1},"f":{"0":1},"b":{},"_coverageSchema":"1a1c01bbd47fc00a2c39e90264f33305004495a9","hash":"c4b5f3561c5e6f2fcffe2a575c0a7bea7c5b5d0b"}
,"C:\\Users\\DAW\\Desktop\\Cafeteria\\The_Cafeteria\\API_RESTFULL\\backend\\routes\\worker.routes.js": {"path":"C:\\Users\\DAW\\Desktop\\Cafeteria\\The_Cafeteria\\API_RESTFULL\\backend\\routes\\worker.routes.js","statementMap":{"0":{"start":{"line":1,"column":0},"end":{"line":29,"column":2}},"1":{"start":{"line":2,"column":19},"end":{"line":2,"column":65}},"2":{"start":{"line":3,"column":17},"end":{"line":3,"column":50}},"3":{"start":{"line":4,"column":17},"end":{"line":4,"column":44}},"4":{"start":{"line":6,"column":17},"end":{"line":6,"column":44}},"5":{"start":{"line":8,"column":4},"end":{"line":8,"column":74}},"6":{"start":{"line":8,"column":41},"end":{"line":8,"column":72}},"7":{"start":{"line":11,"column":4},"end":{"line":11,"column":36}},"8":{"start":{"line":13,"column":4},"end":{"line":13,"column":71}},"9":{"start":{"line":16,"column":4},"end":{"line":16,"column":58}},"10":{"start":{"line":19,"column":4},"end":{"line":19,"column":61}},"11":{"start":{"line":22,"column":4},"end":{"line":22,"column":83}},"12":{"start":{"line":25,"column":4},"end":{"line":25,"column":63}},"13":{"start":{"line":27,"column":4},"end":{"line":27,"column":35}}},"fnMap":{"0":{"name":"(anonymous_0)","decl":{"start":{"line":1,"column":17},"end":{"line":1,"column":18}},"loc":{"start":{"line":1,"column":26},"end":{"line":29,"column":1}},"line":1},"1":{"name":"(anonymous_1)","decl":{"start":{"line":8,"column":27},"end":{"line":8,"column":28}},"loc":{"start":{"line":8,"column":41},"end":{"line":8,"column":72}},"line":8}},"branchMap":{},"s":{"0":1,"1":1,"2":1,"3":1,"4":1,"5":1,"6":0,"7":1,"8":1,"9":1,"10":1,"11":1,"12":1,"13":1},"f":{"0":1,"1":0},"b":{},"_coverageSchema":"1a1c01bbd47fc00a2c39e90264f33305004495a9","hash":"03ce6583a27abbe3a50090c07293f37070d8d555"}
}
